This file contains any messages produced by compilers while
running configure, to aid debugging if configure makes a mistake.

It was created by configure, which was
generated by GNU Autoconf 2.69.  Invocation command line was

  $ ./configure --with-redis --with-redis-dir=/opt/redis/hiredis

## --------- ##
## Platform. ##
## --------- ##

hostname = kannel
uname -m = x86_64
uname -r = 6.11.0-9-generic
uname -s = Linux
uname -v = #9-Ubuntu SMP PREEMPT_DYNAMIC Mon Oct 14 13:19:59 UTC 2024

/usr/bin/uname -p = x86_64
/bin/uname -X     = unknown

/bin/arch              = x86_64
/usr/bin/arch -k       = unknown
/usr/convex/getsysinfo = unknown
/usr/bin/hostinfo      = unknown
/bin/machine           = unknown
/usr/bin/oslevel       = unknown
/bin/universe          = unknown

PATH: /usr/local/openssl/bin
PATH: /usr/local/sbin
PATH: /usr/local/bin
PATH: /usr/sbin
PATH: /usr/bin
PATH: /sbin
PATH: /bin
PATH: /usr/games
PATH: /usr/local/games
PATH: /snap/bin


## ----------- ##
## Core tests. ##
## ----------- ##

configure:2660: checking for a BSD-compatible install
configure:2728: result: /usr/bin/install -c
configure:2739: checking whether build environment is sane
configure:2794: result: yes
configure:2945: checking for a thread-safe mkdir -p
configure:2984: result: /usr/bin/mkdir -p
configure:2991: checking for gawk
configure:3007: found /usr/bin/gawk
configure:3018: result: gawk
configure:3029: checking whether make sets $(MAKE)
configure:3051: result: yes
configure:3080: checking whether make supports nested variables
configure:3097: result: yes
configure:3290: checking build system type
configure:3304: result: x86_64-unknown-linux-gnu
configure:3324: checking host system type
configure:3337: result: x86_64-unknown-linux-gnu
configure:3378: checking how to print strings
configure:3405: result: printf
configure:3438: checking for style of include used by make
configure:3466: result: GNU
configure:3537: checking for gcc
configure:3553: found /usr/bin/gcc
configure:3564: result: gcc
configure:3793: checking for C compiler version
configure:3802: gcc --version >&5
gcc (Ubuntu 14.2.0-4ubuntu2) 14.2.0
Copyright (C) 2024 Free Software Foundation, Inc.
This is free software; see the source for copying conditions.  There is NO
warranty; not even for MERCHANTABILITY or FITNESS FOR A PARTICULAR PURPOSE.

configure:3813: $? = 0
configure:3802: gcc -v >&5
Using built-in specs.
COLLECT_GCC=gcc
COLLECT_LTO_WRAPPER=/usr/libexec/gcc/x86_64-linux-gnu/14/lto-wrapper
OFFLOAD_TARGET_NAMES=nvptx-none:amdgcn-amdhsa
OFFLOAD_TARGET_DEFAULT=1
Target: x86_64-linux-gnu
Configured with: ../src/configure -v --with-pkgversion='Ubuntu 14.2.0-4ubuntu2' --with-bugurl=file:///usr/share/doc/gcc-14/README.Bugs --enable-languages=c,ada,c++,go,d,fortran,objc,obj-c++,m2,rust --prefix=/usr --with-gcc-major-version-only --program-suffix=-14 --program-prefix=x86_64-linux-gnu- --enable-shared --enable-linker-build-id --libexecdir=/usr/libexec --without-included-gettext --enable-threads=posix --libdir=/usr/lib --enable-nls --enable-bootstrap --enable-clocale=gnu --enable-libstdcxx-debug --enable-libstdcxx-time=yes --with-default-libstdcxx-abi=new --enable-libstdcxx-backtrace --enable-gnu-unique-object --disable-vtable-verify --enable-plugin --enable-default-pie --with-system-zlib --enable-libphobos-checking=release --with-target-system-zlib=auto --enable-objc-gc=auto --enable-multiarch --disable-werror --enable-cet --with-arch-32=i686 --with-abi=m64 --with-multilib-list=m32,m64,mx32 --enable-multilib --with-tune=generic --enable-offload-targets=nvptx-none=/build/gcc-14-zdkDXv/gcc-14-14.2.0/debian/tmp-nvptx/usr,amdgcn-amdhsa=/build/gcc-14-zdkDXv/gcc-14-14.2.0/debian/tmp-gcn/usr --enable-offload-defaulted --without-cuda-driver --enable-checking=release --build=x86_64-linux-gnu --host=x86_64-linux-gnu --target=x86_64-linux-gnu --with-build-config=bootstrap-lto-lean --enable-link-serialization=2
Thread model: posix
Supported LTO compression algorithms: zlib zstd
gcc version 14.2.0 (Ubuntu 14.2.0-4ubuntu2) 
... rest of stderr output deleted ...
configure:3813: $? = 0
configure:3802: gcc -V >&5
gcc: error: unrecognized command-line option '-V'
gcc: fatal error: no input files
compilation terminated.
configure:3813: $? = 1
configure:3802: gcc -qversion >&5
gcc: error: unrecognized command-line option '-qversion'; did you mean '--version'?
gcc: fatal error: no input files
compilation terminated.
configure:3813: $? = 1
configure:3833: checking whether the C compiler works
configure:3855: gcc    conftest.c  >&5
configure:3859: $? = 0
configure:3907: result: yes
configure:3910: checking for C compiler default output file name
configure:3912: result: a.out
configure:3918: checking for suffix of executables
configure:3925: gcc -o conftest    conftest.c  >&5
configure:3929: $? = 0
configure:3951: result: 
configure:3973: checking whether we are cross compiling
configure:3981: gcc -o conftest    conftest.c  >&5
configure:3985: $? = 0
configure:3992: ./conftest
configure:3996: $? = 0
configure:4011: result: no
configure:4016: checking for suffix of object files
configure:4038: gcc -c   conftest.c >&5
configure:4042: $? = 0
configure:4063: result: o
configure:4067: checking whether we are using the GNU C compiler
configure:4086: gcc -c   conftest.c >&5
configure:4086: $? = 0
configure:4095: result: yes
configure:4104: checking whether gcc accepts -g
configure:4124: gcc -c -g  conftest.c >&5
configure:4124: $? = 0
configure:4165: result: yes
configure:4182: checking for gcc option to accept ISO C89
configure:4245: gcc  -c -g -O2  conftest.c >&5
configure:4245: $? = 0
configure:4258: result: none needed
configure:4283: checking whether gcc understands -c and -o together
configure:4305: gcc -c conftest.c -o conftest2.o
configure:4308: $? = 0
configure:4305: gcc -c conftest.c -o conftest2.o
configure:4308: $? = 0
configure:4320: result: yes
configure:4339: checking dependency style of gcc
configure:4450: result: gcc3
configure:4465: checking for a sed that does not truncate output
configure:4529: result: /usr/bin/sed
configure:4547: checking for grep that handles long lines and -e
configure:4605: result: /usr/bin/grep
configure:4610: checking for egrep
configure:4672: result: /usr/bin/grep -E
configure:4677: checking for fgrep
configure:4739: result: /usr/bin/grep -F
configure:4774: checking for ld used by gcc
configure:4841: result: /usr/bin/ld
configure:4848: checking if the linker (/usr/bin/ld) is GNU ld
configure:4863: result: yes
configure:4875: checking for BSD- or MS-compatible name lister (nm)
configure:4924: result: /usr/bin/nm -B
configure:5054: checking the name lister (/usr/bin/nm -B) interface
configure:5061: gcc -c -g -O2  conftest.c >&5
configure:5064: /usr/bin/nm -B "conftest.o"
configure:5067: output
0000000000000000 B some_variable
configure:5074: result: BSD nm
configure:5077: checking whether ln -s works
configure:5081: result: yes
configure:5089: checking the maximum length of command line arguments
configure:5220: result: 1572864
configure:5237: checking whether the shell understands some XSI constructs
configure:5247: result: yes
configure:5251: checking whether the shell understands "+="
configure:5257: result: yes
configure:5292: checking how to convert x86_64-unknown-linux-gnu file names to x86_64-unknown-linux-gnu format
configure:5332: result: func_convert_file_noop
configure:5339: checking how to convert x86_64-unknown-linux-gnu file names to toolchain format
configure:5359: result: func_convert_file_noop
configure:5366: checking for /usr/bin/ld option to reload object files
configure:5373: result: -r
configure:5447: checking for objdump
configure:5463: found /usr/bin/objdump
configure:5474: result: objdump
configure:5506: checking how to recognize dependent libraries
configure:5704: result: pass_all
configure:5789: checking for dlltool
configure:5819: result: no
configure:5849: checking how to associate runtime and link libraries
configure:5876: result: printf %s\n
configure:5937: checking for ar
configure:5953: found /usr/bin/ar
configure:5964: result: ar
configure:6001: checking for archiver @FILE support
configure:6018: gcc -c -g -O2  conftest.c >&5
configure:6018: $? = 0
configure:6021: ar cru libconftest.a @conftest.lst >&5
ar: `u' modifier ignored since `D' is the default (see `U')
configure:6024: $? = 0
configure:6029: ar cru libconftest.a @conftest.lst >&5
ar: `u' modifier ignored since `D' is the default (see `U')
ar: conftest.o: No such file or directory
configure:6032: $? = 1
configure:6044: result: @
configure:6102: checking for strip
configure:6118: found /usr/bin/strip
configure:6129: result: strip
configure:6201: checking for ranlib
configure:6217: found /usr/bin/ranlib
configure:6228: result: ranlib
configure:6330: checking command to parse /usr/bin/nm -B output from gcc object
configure:6450: gcc -c -g -O2  conftest.c >&5
configure:6453: $? = 0
configure:6457: /usr/bin/nm -B conftest.o \| sed -n -e 's/^.*[ ]\([ABCDGIRSTW][ABCDGIRSTW]*\)[ ][ ]*\([_A-Za-z][_A-Za-z0-9]*\)$/\1 \2 \2/p' | sed '/ __gnu_lto/d' \> conftest.nm
configure:6460: $? = 0
configure:6526: gcc -o conftest -g -O2   conftest.c conftstm.o >&5
configure:6529: $? = 0
configure:6567: result: ok
configure:6604: checking for sysroot
configure:6634: result: no
configure:6711: gcc -c -g -O2  conftest.c >&5
configure:6714: $? = 0
configure:6903: checking for mt
configure:6919: found /usr/bin/mt
configure:6930: result: mt
configure:6953: checking if mt is a manifest tool
configure:6959: mt '-?'
configure:6967: result: no
configure:7609: checking how to run the C preprocessor
configure:7640: gcc -E  conftest.c
configure:7640: $? = 0
configure:7654: gcc -E  conftest.c
conftest.c:14:10: fatal error: ac_nonexistent.h: No such file or directory
   14 | #include <ac_nonexistent.h>
      |          ^~~~~~~~~~~~~~~~~~
compilation terminated.
configure:7654: $? = 1
configure: failed program was:
| /* confdefs.h */
| #define PACKAGE_NAME ""
| #define PACKAGE_TARNAME ""
| #define PACKAGE_VERSION ""
| #define PACKAGE_STRING ""
| #define PACKAGE_BUGREPORT ""
| #define PACKAGE_URL ""
| #define GW_NAME "Kannel"
| #define GW_VERSION "1.4.5"
| #define VERSION "1.4.5"
| #define PACKAGE "Kannel"
| #define VERSION "1.4.5"
| /* end confdefs.h.  */
| #include <ac_nonexistent.h>
configure:7679: result: gcc -E
configure:7699: gcc -E  conftest.c
configure:7699: $? = 0
configure:7713: gcc -E  conftest.c
conftest.c:14:10: fatal error: ac_nonexistent.h: No such file or directory
   14 | #include <ac_nonexistent.h>
      |          ^~~~~~~~~~~~~~~~~~
compilation terminated.
configure:7713: $? = 1
configure: failed program was:
| /* confdefs.h */
| #define PACKAGE_NAME ""
| #define PACKAGE_TARNAME ""
| #define PACKAGE_VERSION ""
| #define PACKAGE_STRING ""
| #define PACKAGE_BUGREPORT ""
| #define PACKAGE_URL ""
| #define GW_NAME "Kannel"
| #define GW_VERSION "1.4.5"
| #define VERSION "1.4.5"
| #define PACKAGE "Kannel"
| #define VERSION "1.4.5"
| /* end confdefs.h.  */
| #include <ac_nonexistent.h>
configure:7742: checking for ANSI C header files
configure:7762: gcc -c -g -O2  conftest.c >&5
configure:7762: $? = 0
configure:7835: gcc -o conftest -g -O2   conftest.c  >&5
configure:7835: $? = 0
configure:7835: ./conftest
configure:7835: $? = 0
configure:7846: result: yes
configure:7859: checking for sys/types.h
configure:7859: gcc -c -g -O2  conftest.c >&5
configure:7859: $? = 0
configure:7859: result: yes
configure:7859: checking for sys/stat.h
configure:7859: gcc -c -g -O2  conftest.c >&5
configure:7859: $? = 0
configure:7859: result: yes
configure:7859: checking for stdlib.h
configure:7859: gcc -c -g -O2  conftest.c >&5
configure:7859: $? = 0
configure:7859: result: yes
configure:7859: checking for string.h
configure:7859: gcc -c -g -O2  conftest.c >&5
configure:7859: $? = 0
configure:7859: result: yes
configure:7859: checking for memory.h
configure:7859: gcc -c -g -O2  conftest.c >&5
configure:7859: $? = 0
configure:7859: result: yes
configure:7859: checking for strings.h
configure:7859: gcc -c -g -O2  conftest.c >&5
configure:7859: $? = 0
configure:7859: result: yes
configure:7859: checking for inttypes.h
configure:7859: gcc -c -g -O2  conftest.c >&5
configure:7859: $? = 0
configure:7859: result: yes
configure:7859: checking for stdint.h
configure:7859: gcc -c -g -O2  conftest.c >&5
configure:7859: $? = 0
configure:7859: result: yes
configure:7859: checking for unistd.h
configure:7859: gcc -c -g -O2  conftest.c >&5
configure:7859: $? = 0
configure:7859: result: yes
configure:7873: checking for dlfcn.h
configure:7873: gcc -c -g -O2  conftest.c >&5
configure:7873: $? = 0
configure:7873: result: yes
configure:8049: checking for objdir
configure:8064: result: .libs
configure:8331: checking if gcc supports -fno-rtti -fno-exceptions
configure:8349: gcc -c -g -O2  -fno-rtti -fno-exceptions conftest.c >&5
cc1: warning: command-line option '-fno-rtti' is valid for C++/D/ObjC++ but not for C
configure:8353: $? = 0
configure:8366: result: no
configure:8693: checking for gcc option to produce PIC
configure:8700: result: -fPIC -DPIC
configure:8708: checking if gcc PIC flag -fPIC -DPIC works
configure:8726: gcc -c -g -O2  -fPIC -DPIC -DPIC conftest.c >&5
configure:8730: $? = 0
configure:8743: result: yes
configure:8772: checking if gcc static flag -static works
configure:8800: result: yes
configure:8815: checking if gcc supports -c -o file.o
configure:8836: gcc -c -g -O2  -o out/conftest2.o conftest.c >&5
configure:8840: $? = 0
configure:8862: result: yes
configure:8870: checking if gcc supports -c -o file.o
configure:8917: result: yes
configure:8950: checking whether the gcc linker (/usr/bin/ld -m elf_x86_64) supports shared libraries
configure:10107: result: yes
configure:10144: checking whether -lc should be explicitly linked in
configure:10152: gcc -c -g -O2  conftest.c >&5
configure:10155: $? = 0
configure:10170: gcc -shared  -fPIC -DPIC conftest.o  -v -Wl,-soname -Wl,conftest -o conftest 2\>\&1 \| /usr/bin/grep  -lc  \>/dev/null 2\>\&1
configure:10173: $? = 0
configure:10187: result: no
configure:10347: checking dynamic linker characteristics
configure:10847: gcc -o conftest -g -O2   -Wl,-rpath -Wl,/foo conftest.c  >&5
configure:10847: $? = 0
configure:11081: result: GNU/Linux ld.so
configure:11188: checking how to hardcode library paths into programs
configure:11213: result: immediate
configure:11753: checking whether stripping libraries is possible
configure:11758: result: yes
configure:11793: checking if libtool supports shared libraries
configure:11795: result: yes
configure:11798: checking whether to build shared libraries
configure:11819: result: yes
configure:11822: checking whether to build static libraries
configure:11826: result: no
configure:11930: checking for gcc
configure:11957: result: gcc
configure:12186: checking for C compiler version
configure:12195: gcc --version >&5
gcc (Ubuntu 14.2.0-4ubuntu2) 14.2.0
Copyright (C) 2024 Free Software Foundation, Inc.
This is free software; see the source for copying conditions.  There is NO
warranty; not even for MERCHANTABILITY or FITNESS FOR A PARTICULAR PURPOSE.

configure:12206: $? = 0
configure:12195: gcc -v >&5
Using built-in specs.
COLLECT_GCC=gcc
COLLECT_LTO_WRAPPER=/usr/libexec/gcc/x86_64-linux-gnu/14/lto-wrapper
OFFLOAD_TARGET_NAMES=nvptx-none:amdgcn-amdhsa
OFFLOAD_TARGET_DEFAULT=1
Target: x86_64-linux-gnu
Configured with: ../src/configure -v --with-pkgversion='Ubuntu 14.2.0-4ubuntu2' --with-bugurl=file:///usr/share/doc/gcc-14/README.Bugs --enable-languages=c,ada,c++,go,d,fortran,objc,obj-c++,m2,rust --prefix=/usr --with-gcc-major-version-only --program-suffix=-14 --program-prefix=x86_64-linux-gnu- --enable-shared --enable-linker-build-id --libexecdir=/usr/libexec --without-included-gettext --enable-threads=posix --libdir=/usr/lib --enable-nls --enable-bootstrap --enable-clocale=gnu --enable-libstdcxx-debug --enable-libstdcxx-time=yes --with-default-libstdcxx-abi=new --enable-libstdcxx-backtrace --enable-gnu-unique-object --disable-vtable-verify --enable-plugin --enable-default-pie --with-system-zlib --enable-libphobos-checking=release --with-target-system-zlib=auto --enable-objc-gc=auto --enable-multiarch --disable-werror --enable-cet --with-arch-32=i686 --with-abi=m64 --with-multilib-list=m32,m64,mx32 --enable-multilib --with-tune=generic --enable-offload-targets=nvptx-none=/build/gcc-14-zdkDXv/gcc-14-14.2.0/debian/tmp-nvptx/usr,amdgcn-amdhsa=/build/gcc-14-zdkDXv/gcc-14-14.2.0/debian/tmp-gcn/usr --enable-offload-defaulted --without-cuda-driver --enable-checking=release --build=x86_64-linux-gnu --host=x86_64-linux-gnu --target=x86_64-linux-gnu --with-build-config=bootstrap-lto-lean --enable-link-serialization=2
Thread model: posix
Supported LTO compression algorithms: zlib zstd
gcc version 14.2.0 (Ubuntu 14.2.0-4ubuntu2) 
... rest of stderr output deleted ...
configure:12206: $? = 0
configure:12195: gcc -V >&5
gcc: error: unrecognized command-line option '-V'
gcc: fatal error: no input files
compilation terminated.
configure:12206: $? = 1
configure:12195: gcc -qversion >&5
gcc: error: unrecognized command-line option '-qversion'; did you mean '--version'?
gcc: fatal error: no input files
compilation terminated.
configure:12206: $? = 1
configure:12210: checking whether we are using the GNU C compiler
configure:12238: result: yes
configure:12247: checking whether gcc accepts -g
configure:12308: result: yes
configure:12325: checking for gcc option to accept ISO C89
configure:12401: result: none needed
configure:12426: checking whether gcc understands -c and -o together
configure:12463: result: yes
configure:12482: checking dependency style of gcc
configure:12593: result: gcc3
configure:12608: checking for gcc option to accept ISO C99
configure:12757: gcc  -c -g -O2  conftest.c >&5
configure:12757: $? = 0
configure:12770: result: none needed
configure:12832: checking for ranlib
configure:12859: result: ranlib
configure:12885: checking for bison
configure:12901: found /usr/bin/bison
configure:12912: result: bison -y
configure:12928: checking for flex
configure:12958: result: no
configure:12928: checking for lex
configure:12958: result: no
configure:13126: checking for ar
configure:13153: result: ar
configure:13177: checking for convert
configure:13210: result: no
configure:13217: checking for perl
configure:13235: found /usr/bin/perl
configure:13247: result: /usr/bin/perl
configure:13401: checking for inline
configure:13417: gcc -c -g -O2 -D_XOPEN_SOURCE=600 -D_BSD_SOURCE -D_DEFAULT_SOURCE  conftest.c >&5
configure:13417: $? = 0
configure:13425: result: inline
configure:13452: checking for special C compiler options needed for large files
configure:13497: result: no
configure:13503: checking for _FILE_OFFSET_BITS value needed for large files
configure:13528: gcc -c -g -O2 -D_XOPEN_SOURCE=600 -D_BSD_SOURCE -D_DEFAULT_SOURCE  conftest.c >&5
configure:13528: $? = 0
configure:13560: result: no
configure:13657: checking size of short
configure:13662: gcc -o conftest -g -O2 -D_XOPEN_SOURCE=600 -D_BSD_SOURCE -D_DEFAULT_SOURCE -D_LARGE_FILES=   -rdynamic conftest.c  >&5
configure:13662: $? = 0
configure:13662: ./conftest
configure:13662: $? = 0
configure:13676: result: 2
configure:13690: checking size of int
configure:13695: gcc -o conftest -g -O2 -D_XOPEN_SOURCE=600 -D_BSD_SOURCE -D_DEFAULT_SOURCE -D_LARGE_FILES=   -rdynamic conftest.c  >&5
configure:13695: $? = 0
configure:13695: ./conftest
configure:13695: $? = 0
configure:13709: result: 4
configure:13723: checking size of long
configure:13728: gcc -o conftest -g -O2 -D_XOPEN_SOURCE=600 -D_BSD_SOURCE -D_DEFAULT_SOURCE -D_LARGE_FILES=   -rdynamic conftest.c  >&5
configure:13728: $? = 0
configure:13728: ./conftest
configure:13728: $? = 0
configure:13742: result: 8
configure:13756: checking size of long long
configure:13761: gcc -o conftest -g -O2 -D_XOPEN_SOURCE=600 -D_BSD_SOURCE -D_DEFAULT_SOURCE -D_LARGE_FILES=   -rdynamic conftest.c  >&5
configure:13761: $? = 0
configure:13761: ./conftest
configure:13761: $? = 0
configure:13775: result: 8
configure:13795: checking for log in -lm
configure:13820: gcc -o conftest -g -O2 -D_XOPEN_SOURCE=600 -D_BSD_SOURCE -D_DEFAULT_SOURCE -D_LARGE_FILES=   -rdynamic conftest.c -lm   >&5
conftest.c:37:6: warning: conflicting types for built-in function 'log'; expected 'double(double)' [-Wbuiltin-declaration-mismatch]
   37 | char log ();
      |      ^~~
conftest.c:1:1: note: 'log' is declared in header '<math.h>'
    1 | /* confdefs.h */
configure:13820: $? = 0
configure:13829: result: yes
configure:13840: checking for accept in -lsocket
configure:13865: gcc -o conftest -g -O2 -D_XOPEN_SOURCE=600 -D_BSD_SOURCE -D_DEFAULT_SOURCE -D_LARGE_FILES=   -rdynamic conftest.c -lsocket  -lm  >&5
/usr/bin/ld: cannot find -lsocket: No such file or directory
collect2: error: ld returned 1 exit status
configure:13865: $? = 1
configure: failed program was:
| /* confdefs.h */
| #define PACKAGE_NAME ""
| #define PACKAGE_TARNAME ""
| #define PACKAGE_VERSION ""
| #define PACKAGE_STRING ""
| #define PACKAGE_BUGREPORT ""
| #define PACKAGE_URL ""
| #define GW_NAME "Kannel"
| #define GW_VERSION "1.4.5"
| #define VERSION "1.4.5"
| #define PACKAGE "Kannel"
| #define VERSION "1.4.5"
| #define STDC_HEADERS 1
| #define HAVE_SYS_TYPES_H 1
| #define HAVE_SYS_STAT_H 1
| #define HAVE_STDLIB_H 1
| #define HAVE_STRING_H 1
| #define HAVE_MEMORY_H 1
| #define HAVE_STRINGS_H 1
| #define HAVE_INTTYPES_H 1
| #define HAVE_STDINT_H 1
| #define HAVE_UNISTD_H 1
| #define HAVE_DLFCN_H 1
| #define LT_OBJDIR ".libs/"
| #define SIZEOF_SHORT 2
| #define SIZEOF_INT 4
| #define SIZEOF_LONG 8
| #define SIZEOF_LONG_LONG 8
| #define HAVE_LIBM 1
| /* end confdefs.h.  */
| 
| /* Override any GCC internal prototype to avoid an error.
|    Use char because int might match the return type of a GCC
|    builtin and then its argument prototype would still apply.  */
| #ifdef __cplusplus
| extern "C"
| #endif
| char accept ();
| int
| main ()
| {
| return accept ();
|   ;
|   return 0;
| }
configure:13874: result: no
configure:13885: checking for inet_ntoa in -lnsl
configure:13910: gcc -o conftest -g -O2 -D_XOPEN_SOURCE=600 -D_BSD_SOURCE -D_DEFAULT_SOURCE -D_LARGE_FILES=   -rdynamic conftest.c -lnsl  -lm  >&5
/usr/bin/ld: cannot find -lnsl: No such file or directory
collect2: error: ld returned 1 exit status
configure:13910: $? = 1
configure: failed program was:
| /* confdefs.h */
| #define PACKAGE_NAME ""
| #define PACKAGE_TARNAME ""
| #define PACKAGE_VERSION ""
| #define PACKAGE_STRING ""
| #define PACKAGE_BUGREPORT ""
| #define PACKAGE_URL ""
| #define GW_NAME "Kannel"
| #define GW_VERSION "1.4.5"
| #define VERSION "1.4.5"
| #define PACKAGE "Kannel"
| #define VERSION "1.4.5"
| #define STDC_HEADERS 1
| #define HAVE_SYS_TYPES_H 1
| #define HAVE_SYS_STAT_H 1
| #define HAVE_STDLIB_H 1
| #define HAVE_STRING_H 1
| #define HAVE_MEMORY_H 1
| #define HAVE_STRINGS_H 1
| #define HAVE_INTTYPES_H 1
| #define HAVE_STDINT_H 1
| #define HAVE_UNISTD_H 1
| #define HAVE_DLFCN_H 1
| #define LT_OBJDIR ".libs/"
| #define SIZEOF_SHORT 2
| #define SIZEOF_INT 4
| #define SIZEOF_LONG 8
| #define SIZEOF_LONG_LONG 8
| #define HAVE_LIBM 1
| /* end confdefs.h.  */
| 
| /* Override any GCC internal prototype to avoid an error.
|    Use char because int might match the return type of a GCC
|    builtin and then its argument prototype would still apply.  */
| #ifdef __cplusplus
| extern "C"
| #endif
| char inet_ntoa ();
| int
| main ()
| {
| return inet_ntoa ();
|   ;
|   return 0;
| }
configure:13919: result: no
configure:13930: checking for inet_ntop in -lresolv
configure:13955: gcc -o conftest -g -O2 -D_XOPEN_SOURCE=600 -D_BSD_SOURCE -D_DEFAULT_SOURCE -D_LARGE_FILES=   -rdynamic conftest.c -lresolv  -lm  >&5
configure:13955: $? = 0
configure:13964: result: yes
configure:13975: checking for inet_ntop in -lbind
configure:14000: gcc -o conftest -g -O2 -D_XOPEN_SOURCE=600 -D_BSD_SOURCE -D_DEFAULT_SOURCE -D_LARGE_FILES=   -rdynamic conftest.c -lbind  -lresolv -lm  >&5
/usr/bin/ld: cannot find -lbind: No such file or directory
collect2: error: ld returned 1 exit status
configure:14000: $? = 1
configure: failed program was:
| /* confdefs.h */
| #define PACKAGE_NAME ""
| #define PACKAGE_TARNAME ""
| #define PACKAGE_VERSION ""
| #define PACKAGE_STRING ""
| #define PACKAGE_BUGREPORT ""
| #define PACKAGE_URL ""
| #define GW_NAME "Kannel"
| #define GW_VERSION "1.4.5"
| #define VERSION "1.4.5"
| #define PACKAGE "Kannel"
| #define VERSION "1.4.5"
| #define STDC_HEADERS 1
| #define HAVE_SYS_TYPES_H 1
| #define HAVE_SYS_STAT_H 1
| #define HAVE_STDLIB_H 1
| #define HAVE_STRING_H 1
| #define HAVE_MEMORY_H 1
| #define HAVE_STRINGS_H 1
| #define HAVE_INTTYPES_H 1
| #define HAVE_STDINT_H 1
| #define HAVE_UNISTD_H 1
| #define HAVE_DLFCN_H 1
| #define LT_OBJDIR ".libs/"
| #define SIZEOF_SHORT 2
| #define SIZEOF_INT 4
| #define SIZEOF_LONG 8
| #define SIZEOF_LONG_LONG 8
| #define HAVE_LIBM 1
| #define HAVE_LIBRESOLV 1
| /* end confdefs.h.  */
| 
| /* Override any GCC internal prototype to avoid an error.
|    Use char because int might match the return type of a GCC
|    builtin and then its argument prototype would still apply.  */
| #ifdef __cplusplus
| extern "C"
| #endif
| char inet_ntop ();
| int
| main ()
| {
| return inet_ntop ();
|   ;
|   return 0;
| }
configure:14009: result: no
configure:14021: checking for pthread_exit in -lpthread
configure:14046: gcc -o conftest -g -O2 -D_XOPEN_SOURCE=600 -D_BSD_SOURCE -D_DEFAULT_SOURCE -D_LARGE_FILES=   -rdynamic conftest.c -lpthread  -lresolv -lm  >&5
configure:14046: $? = 0
configure:14055: result: yes
configure:14062: checking for libiconv in -liconv
configure:14087: gcc -o conftest -g -O2 -D_XOPEN_SOURCE=600 -D_BSD_SOURCE -D_DEFAULT_SOURCE -D_LARGE_FILES=   -rdynamic conftest.c -liconv  -lresolv -lm  -lpthread >&5
/usr/bin/ld: cannot find -liconv: No such file or directory
collect2: error: ld returned 1 exit status
configure:14087: $? = 1
configure: failed program was:
| /* confdefs.h */
| #define PACKAGE_NAME ""
| #define PACKAGE_TARNAME ""
| #define PACKAGE_VERSION ""
| #define PACKAGE_STRING ""
| #define PACKAGE_BUGREPORT ""
| #define PACKAGE_URL ""
| #define GW_NAME "Kannel"
| #define GW_VERSION "1.4.5"
| #define VERSION "1.4.5"
| #define PACKAGE "Kannel"
| #define VERSION "1.4.5"
| #define STDC_HEADERS 1
| #define HAVE_SYS_TYPES_H 1
| #define HAVE_SYS_STAT_H 1
| #define HAVE_STDLIB_H 1
| #define HAVE_STRING_H 1
| #define HAVE_MEMORY_H 1
| #define HAVE_STRINGS_H 1
| #define HAVE_INTTYPES_H 1
| #define HAVE_STDINT_H 1
| #define HAVE_UNISTD_H 1
| #define HAVE_DLFCN_H 1
| #define LT_OBJDIR ".libs/"
| #define SIZEOF_SHORT 2
| #define SIZEOF_INT 4
| #define SIZEOF_LONG 8
| #define SIZEOF_LONG_LONG 8
| #define HAVE_LIBM 1
| #define HAVE_LIBRESOLV 1
| /* end confdefs.h.  */
| 
| /* Override any GCC internal prototype to avoid an error.
|    Use char because int might match the return type of a GCC
|    builtin and then its argument prototype would still apply.  */
| #ifdef __cplusplus
| extern "C"
| #endif
| char libiconv ();
| int
| main ()
| {
| return libiconv ();
|   ;
|   return 0;
| }
configure:14096: result: no
configure:14104: checking for ANSI C header files
configure:14208: result: yes
configure:14219: checking sys/ioctl.h usability
configure:14219: gcc -c -g -O2 -D_XOPEN_SOURCE=600 -D_BSD_SOURCE -D_DEFAULT_SOURCE -D_LARGE_FILES=  conftest.c >&5
configure:14219: $? = 0
configure:14219: result: yes
configure:14219: checking sys/ioctl.h presence
configure:14219: gcc -E  conftest.c
configure:14219: $? = 0
configure:14219: result: yes
configure:14219: checking for sys/ioctl.h
configure:14219: result: yes
configure:14219: checking sys/time.h usability
configure:14219: gcc -c -g -O2 -D_XOPEN_SOURCE=600 -D_BSD_SOURCE -D_DEFAULT_SOURCE -D_LARGE_FILES=  conftest.c >&5
configure:14219: $? = 0
configure:14219: result: yes
configure:14219: checking sys/time.h presence
configure:14219: gcc -E  conftest.c
configure:14219: $? = 0
configure:14219: result: yes
configure:14219: checking for sys/time.h
configure:14219: result: yes
configure:14219: checking for sys/types.h
configure:14219: result: yes
configure:14219: checking for unistd.h
configure:14219: result: yes
configure:14219: checking sys/poll.h usability
configure:14219: gcc -c -g -O2 -D_XOPEN_SOURCE=600 -D_BSD_SOURCE -D_DEFAULT_SOURCE -D_LARGE_FILES=  conftest.c >&5
configure:14219: $? = 0
configure:14219: result: yes
configure:14219: checking sys/poll.h presence
configure:14219: gcc -E  conftest.c
configure:14219: $? = 0
configure:14219: result: yes
configure:14219: checking for sys/poll.h
configure:14219: result: yes
configure:14232: checking pthread.h usability
configure:14232: gcc -c -g -O2 -D_XOPEN_SOURCE=600 -D_BSD_SOURCE -D_DEFAULT_SOURCE -D_LARGE_FILES=  conftest.c >&5
configure:14232: $? = 0
configure:14232: result: yes
configure:14232: checking pthread.h presence
configure:14232: gcc -E  conftest.c
configure:14232: $? = 0
configure:14232: result: yes
configure:14232: checking for pthread.h
configure:14232: result: yes
configure:14232: checking getopt.h usability
configure:14232: gcc -c -g -O2 -D_XOPEN_SOURCE=600 -D_BSD_SOURCE -D_DEFAULT_SOURCE -D_LARGE_FILES=  conftest.c >&5
configure:14232: $? = 0
configure:14232: result: yes
configure:14232: checking getopt.h presence
configure:14232: gcc -E  conftest.c
configure:14232: $? = 0
configure:14232: result: yes
configure:14232: checking for getopt.h
configure:14232: result: yes
configure:14232: checking syslog.h usability
configure:14232: gcc -c -g -O2 -D_XOPEN_SOURCE=600 -D_BSD_SOURCE -D_DEFAULT_SOURCE -D_LARGE_FILES=  conftest.c >&5
configure:14232: $? = 0
configure:14232: result: yes
configure:14232: checking syslog.h presence
configure:14232: gcc -E  conftest.c
configure:14232: $? = 0
configure:14232: result: yes
configure:14232: checking for syslog.h
configure:14232: result: yes
configure:14232: checking zlib.h usability
configure:14232: gcc -c -g -O2 -D_XOPEN_SOURCE=600 -D_BSD_SOURCE -D_DEFAULT_SOURCE -D_LARGE_FILES=  conftest.c >&5
configure:14232: $? = 0
configure:14232: result: yes
configure:14232: checking zlib.h presence
configure:14232: gcc -E  conftest.c
configure:14232: $? = 0
configure:14232: result: yes
configure:14232: checking for zlib.h
configure:14232: result: yes
configure:14232: checking execinfo.h usability
configure:14232: gcc -c -g -O2 -D_XOPEN_SOURCE=600 -D_BSD_SOURCE -D_DEFAULT_SOURCE -D_LARGE_FILES=  conftest.c >&5
configure:14232: $? = 0
configure:14232: result: yes
configure:14232: checking execinfo.h presence
configure:14232: gcc -E  conftest.c
configure:14232: $? = 0
configure:14232: result: yes
configure:14232: checking for execinfo.h
configure:14232: result: yes
configure:14232: checking for stdlib.h
configure:14232: result: yes
configure:14245: checking sys/socket.h usability
configure:14245: gcc -c -g -O2 -D_XOPEN_SOURCE=600 -D_BSD_SOURCE -D_DEFAULT_SOURCE -D_LARGE_FILES=  conftest.c >&5
configure:14245: $? = 0
configure:14245: result: yes
configure:14245: checking sys/socket.h presence
configure:14245: gcc -E  conftest.c
configure:14245: $? = 0
configure:14245: result: yes
configure:14245: checking for sys/socket.h
configure:14245: result: yes
configure:14245: checking sys/sockio.h usability
configure:14245: gcc -c -g -O2 -D_XOPEN_SOURCE=600 -D_BSD_SOURCE -D_DEFAULT_SOURCE -D_LARGE_FILES=  conftest.c >&5
conftest.c:78:10: fatal error: sys/sockio.h: No such file or directory
   78 | #include <sys/sockio.h>
      |          ^~~~~~~~~~~~~~
compilation terminated.
configure:14245: $? = 1
configure: failed program was:
| /* confdefs.h */
| #define PACKAGE_NAME ""
| #define PACKAGE_TARNAME ""
| #define PACKAGE_VERSION ""
| #define PACKAGE_STRING ""
| #define PACKAGE_BUGREPORT ""
| #define PACKAGE_URL ""
| #define GW_NAME "Kannel"
| #define GW_VERSION "1.4.5"
| #define VERSION "1.4.5"
| #define PACKAGE "Kannel"
| #define VERSION "1.4.5"
| #define STDC_HEADERS 1
| #define HAVE_SYS_TYPES_H 1
| #define HAVE_SYS_STAT_H 1
| #define HAVE_STDLIB_H 1
| #define HAVE_STRING_H 1
| #define HAVE_MEMORY_H 1
| #define HAVE_STRINGS_H 1
| #define HAVE_INTTYPES_H 1
| #define HAVE_STDINT_H 1
| #define HAVE_UNISTD_H 1
| #define HAVE_DLFCN_H 1
| #define LT_OBJDIR ".libs/"
| #define SIZEOF_SHORT 2
| #define SIZEOF_INT 4
| #define SIZEOF_LONG 8
| #define SIZEOF_LONG_LONG 8
| #define HAVE_LIBM 1
| #define HAVE_LIBRESOLV 1
| #define STDC_HEADERS 1
| #define HAVE_SYS_IOCTL_H 1
| #define HAVE_SYS_TIME_H 1
| #define HAVE_SYS_TYPES_H 1
| #define HAVE_UNISTD_H 1
| #define HAVE_SYS_POLL_H 1
| #define HAVE_PTHREAD_H 1
| #define HAVE_GETOPT_H 1
| #define HAVE_SYSLOG_H 1
| #define HAVE_ZLIB_H 1
| #define HAVE_EXECINFO_H 1
| #define HAVE_STDLIB_H 1
| #define HAVE_SYS_SOCKET_H 1
| /* end confdefs.h.  */
| #include <stdio.h>
| #ifdef HAVE_SYS_TYPES_H
| # include <sys/types.h>
| #endif
| #ifdef HAVE_SYS_STAT_H
| # include <sys/stat.h>
| #endif
| #ifdef STDC_HEADERS
| # include <stdlib.h>
| # include <stddef.h>
| #else
| # ifdef HAVE_STDLIB_H
| #  include <stdlib.h>
| # endif
| #endif
| #ifdef HAVE_STRING_H
| # if !defined STDC_HEADERS && defined HAVE_MEMORY_H
| #  include <memory.h>
| # endif
| # include <string.h>
| #endif
| #ifdef HAVE_STRINGS_H
| # include <strings.h>
| #endif
| #ifdef HAVE_INTTYPES_H
| # include <inttypes.h>
| #endif
| #ifdef HAVE_STDINT_H
| # include <stdint.h>
| #endif
| #ifdef HAVE_UNISTD_H
| # include <unistd.h>
| #endif
| #include <sys/sockio.h>
configure:14245: result: no
configure:14245: checking sys/sockio.h presence
configure:14245: gcc -E  conftest.c
conftest.c:45:10: fatal error: sys/sockio.h: No such file or directory
   45 | #include <sys/sockio.h>
      |          ^~~~~~~~~~~~~~
compilation terminated.
configure:14245: $? = 1
configure: failed program was:
| /* confdefs.h */
| #define PACKAGE_NAME ""
| #define PACKAGE_TARNAME ""
| #define PACKAGE_VERSION ""
| #define PACKAGE_STRING ""
| #define PACKAGE_BUGREPORT ""
| #define PACKAGE_URL ""
| #define GW_NAME "Kannel"
| #define GW_VERSION "1.4.5"
| #define VERSION "1.4.5"
| #define PACKAGE "Kannel"
| #define VERSION "1.4.5"
| #define STDC_HEADERS 1
| #define HAVE_SYS_TYPES_H 1
| #define HAVE_SYS_STAT_H 1
| #define HAVE_STDLIB_H 1
| #define HAVE_STRING_H 1
| #define HAVE_MEMORY_H 1
| #define HAVE_STRINGS_H 1
| #define HAVE_INTTYPES_H 1
| #define HAVE_STDINT_H 1
| #define HAVE_UNISTD_H 1
| #define HAVE_DLFCN_H 1
| #define LT_OBJDIR ".libs/"
| #define SIZEOF_SHORT 2
| #define SIZEOF_INT 4
| #define SIZEOF_LONG 8
| #define SIZEOF_LONG_LONG 8
| #define HAVE_LIBM 1
| #define HAVE_LIBRESOLV 1
| #define STDC_HEADERS 1
| #define HAVE_SYS_IOCTL_H 1
| #define HAVE_SYS_TIME_H 1
| #define HAVE_SYS_TYPES_H 1
| #define HAVE_UNISTD_H 1
| #define HAVE_SYS_POLL_H 1
| #define HAVE_PTHREAD_H 1
| #define HAVE_GETOPT_H 1
| #define HAVE_SYSLOG_H 1
| #define HAVE_ZLIB_H 1
| #define HAVE_EXECINFO_H 1
| #define HAVE_STDLIB_H 1
| #define HAVE_SYS_SOCKET_H 1
| /* end confdefs.h.  */
| #include <sys/sockio.h>
configure:14245: result: no
configure:14245: checking for sys/sockio.h
configure:14245: result: no
configure:14245: checking netinet/in.h usability
configure:14245: gcc -c -g -O2 -D_XOPEN_SOURCE=600 -D_BSD_SOURCE -D_DEFAULT_SOURCE -D_LARGE_FILES=  conftest.c >&5
configure:14245: $? = 0
configure:14245: result: yes
configure:14245: checking netinet/in.h presence
configure:14245: gcc -E  conftest.c
configure:14245: $? = 0
configure:14245: result: yes
configure:14245: checking for netinet/in.h
configure:14245: result: yes
configure:14257: checking for net/if.h
configure:14257: gcc -c -g -O2 -D_XOPEN_SOURCE=600 -D_BSD_SOURCE -D_DEFAULT_SOURCE -D_LARGE_FILES=  conftest.c >&5
configure:14257: $? = 0
configure:14257: result: yes
configure:14282: checking sys/ucontext.h usability
configure:14282: gcc -c -g -O2 -D_XOPEN_SOURCE=600 -D_BSD_SOURCE -D_DEFAULT_SOURCE -D_LARGE_FILES=  conftest.c >&5
configure:14282: $? = 0
configure:14282: result: yes
configure:14282: checking sys/ucontext.h presence
configure:14282: gcc -E  conftest.c
configure:14282: $? = 0
configure:14282: result: yes
configure:14282: checking for sys/ucontext.h
configure:14282: result: yes
configure:14310: gcc -c -g -O2 -D_XOPEN_SOURCE=600 -D_BSD_SOURCE -D_DEFAULT_SOURCE -D_LARGE_FILES=  conftest.c >&5
conftest.c: In function 'main':
conftest.c:53:14: warning: initialization discards 'const' qualifier from pointer target type [-Wdiscarded-qualifiers]
   53 | char *func = __FUNCTION__;
      |              ^~~~~~~~~~~~
configure:14310: $? = 0
configure:14326: gcc -c -g -O2 -D_XOPEN_SOURCE=600 -D_BSD_SOURCE -D_DEFAULT_SOURCE -D_LARGE_FILES=  conftest.c >&5
conftest.c: In function 'main':
conftest.c:54:14: warning: initialization discards 'const' qualifier from pointer target type [-Wdiscarded-qualifiers]
   54 | char *func = __func__;
      |              ^~~~~~~~
configure:14326: $? = 0
configure:14373: checking for ld used by gcc
configure:14440: result: /usr/bin/ld -m elf_x86_64
configure:14447: checking if the linker (/usr/bin/ld -m elf_x86_64) is GNU ld
configure:14462: result: yes
configure:14469: checking for shared library run path origin
configure:14482: result: done
configure:15060: checking for iconv
configure:15084: gcc -o conftest -g -O2 -D_XOPEN_SOURCE=600 -D_BSD_SOURCE -D_DEFAULT_SOURCE -D_LARGE_FILES=   -rdynamic conftest.c -lresolv -lm  -lpthread >&5
configure:15084: $? = 0
configure:15118: result: yes
configure:15121: checking for working iconv
configure:15241: gcc -o conftest -g -O2 -D_XOPEN_SOURCE=600 -D_BSD_SOURCE -D_DEFAULT_SOURCE -D_LARGE_FILES=   -rdynamic conftest.c -lresolv -lm  -lpthread >&5
configure:15241: $? = 0
configure:15241: ./conftest
configure:15241: $? = 0
configure:15253: result: yes
configure:15281: checking for iconv declaration
configure:15310: gcc -c -g -O2 -D_XOPEN_SOURCE=600 -D_BSD_SOURCE -D_DEFAULT_SOURCE -D_LARGE_FILES=  conftest.c >&5
configure:15310: $? = 0
configure:15321: result:
         extern size_t iconv (iconv_t cd, char * *inbuf, size_t *inbytesleft, char * *outbuf, size_t *outbytesleft);
configure:15337: checking for gettimeofday
configure:15337: gcc -o conftest -g -O2 -D_XOPEN_SOURCE=600 -D_BSD_SOURCE -D_DEFAULT_SOURCE -D_LARGE_FILES=   -rdynamic conftest.c -lresolv -lm  -lpthread >&5
configure:15337: $? = 0
configure:15337: result: yes
configure:15337: checking for select
configure:15337: gcc -o conftest -g -O2 -D_XOPEN_SOURCE=600 -D_BSD_SOURCE -D_DEFAULT_SOURCE -D_LARGE_FILES=   -rdynamic conftest.c -lresolv -lm  -lpthread >&5
configure:15337: $? = 0
configure:15337: result: yes
configure:15337: checking for socket
configure:15337: gcc -o conftest -g -O2 -D_XOPEN_SOURCE=600 -D_BSD_SOURCE -D_DEFAULT_SOURCE -D_LARGE_FILES=   -rdynamic conftest.c -lresolv -lm  -lpthread >&5
configure:15337: $? = 0
configure:15337: result: yes
configure:15337: checking for strdup
configure:15337: gcc -o conftest -g -O2 -D_XOPEN_SOURCE=600 -D_BSD_SOURCE -D_DEFAULT_SOURCE -D_LARGE_FILES=   -rdynamic conftest.c -lresolv -lm  -lpthread >&5
conftest.c:79:6: warning: conflicting types for built-in function 'strdup'; expected 'char *(const char *)' [-Wbuiltin-declaration-mismatch]
   79 | char strdup ();
      |      ^~~~~~
configure:15337: $? = 0
configure:15337: result: yes
configure:15337: checking for getopt_long
configure:15337: gcc -o conftest -g -O2 -D_XOPEN_SOURCE=600 -D_BSD_SOURCE -D_DEFAULT_SOURCE -D_LARGE_FILES=   -rdynamic conftest.c -lresolv -lm  -lpthread >&5
configure:15337: $? = 0
configure:15337: result: yes
configure:15337: checking for localtime_r
configure:15337: gcc -o conftest -g -O2 -D_XOPEN_SOURCE=600 -D_BSD_SOURCE -D_DEFAULT_SOURCE -D_LARGE_FILES=   -rdynamic conftest.c -lresolv -lm  -lpthread >&5
configure:15337: $? = 0
configure:15337: result: yes
configure:15337: checking for gmtime_r
configure:15337: gcc -o conftest -g -O2 -D_XOPEN_SOURCE=600 -D_BSD_SOURCE -D_DEFAULT_SOURCE -D_LARGE_FILES=   -rdynamic conftest.c -lresolv -lm  -lpthread >&5
configure:15337: $? = 0
configure:15337: result: yes
configure:15337: checking for backtrace
configure:15337: gcc -o conftest -g -O2 -D_XOPEN_SOURCE=600 -D_BSD_SOURCE -D_DEFAULT_SOURCE -D_LARGE_FILES=   -rdynamic conftest.c -lresolv -lm  -lpthread >&5
configure:15337: $? = 0
configure:15337: result: yes
configure:15337: checking for srandom
configure:15337: gcc -o conftest -g -O2 -D_XOPEN_SOURCE=600 -D_BSD_SOURCE -D_DEFAULT_SOURCE -D_LARGE_FILES=   -rdynamic conftest.c -lresolv -lm  -lpthread >&5
configure:15337: $? = 0
configure:15337: result: yes
configure:15337: checking for initgroups
configure:15337: gcc -o conftest -g -O2 -D_XOPEN_SOURCE=600 -D_BSD_SOURCE -D_DEFAULT_SOURCE -D_LARGE_FILES=   -rdynamic conftest.c -lresolv -lm  -lpthread >&5
configure:15337: $? = 0
configure:15337: result: yes
configure:15337: checking for strtoll
configure:15337: gcc -o conftest -g -O2 -D_XOPEN_SOURCE=600 -D_BSD_SOURCE -D_DEFAULT_SOURCE -D_LARGE_FILES=   -rdynamic conftest.c -lresolv -lm  -lpthread >&5
configure:15337: $? = 0
configure:15337: result: yes
configure:15337: checking for strtoq
configure:15337: gcc -o conftest -g -O2 -D_XOPEN_SOURCE=600 -D_BSD_SOURCE -D_DEFAULT_SOURCE -D_LARGE_FILES=   -rdynamic conftest.c -lresolv -lm  -lpthread >&5
configure:15337: $? = 0
configure:15337: result: yes
configure:15346: checking for getopt
configure:15346: gcc -o conftest -g -O2 -D_XOPEN_SOURCE=600 -D_BSD_SOURCE -D_DEFAULT_SOURCE -D_LARGE_FILES=   -rdynamic conftest.c -lresolv -lm  -lpthread >&5
configure:15346: $? = 0
configure:15346: result: yes
configure:15359: checking for gethostbyname_r
configure:15359: gcc -o conftest -g -O2 -D_XOPEN_SOURCE=600 -D_BSD_SOURCE -D_DEFAULT_SOURCE -D_LARGE_FILES=   -rdynamic conftest.c -lresolv -lm  -lpthread >&5
configure:15359: $? = 0
configure:15359: result: yes
configure:15361: checking for which type of gethostbyname_r
configure:15385: gcc -c -g -O2 -D_XOPEN_SOURCE=600 -D_BSD_SOURCE -D_DEFAULT_SOURCE -D_LARGE_FILES=  conftest.c >&5
conftest.c: In function 'main':
conftest.c:74:29: error: storage size of 'data' isn't known
   74 |         struct hostent_data data;
      |                             ^~~~
conftest.c:75:16: error: too few arguments to function 'gethostbyname_r'
   75 |         (void) gethostbyname_r(name, he, &data);
      |                ^~~~~~~~~~~~~~~
In file included from conftest.c:66:
/usr/include/netdb.h:177:12: note: declared here
  177 | extern int gethostbyname_r (const char *__restrict __name,
      |            ^~~~~~~~~~~~~~~
configure:15385: $? = 1
configure: failed program was:
| /* confdefs.h */
| #define PACKAGE_NAME ""
| #define PACKAGE_TARNAME ""
| #define PACKAGE_VERSION ""
| #define PACKAGE_STRING ""
| #define PACKAGE_BUGREPORT ""
| #define PACKAGE_URL ""
| #define GW_NAME "Kannel"
| #define GW_VERSION "1.4.5"
| #define VERSION "1.4.5"
| #define PACKAGE "Kannel"
| #define VERSION "1.4.5"
| #define STDC_HEADERS 1
| #define HAVE_SYS_TYPES_H 1
| #define HAVE_SYS_STAT_H 1
| #define HAVE_STDLIB_H 1
| #define HAVE_STRING_H 1
| #define HAVE_MEMORY_H 1
| #define HAVE_STRINGS_H 1
| #define HAVE_INTTYPES_H 1
| #define HAVE_STDINT_H 1
| #define HAVE_UNISTD_H 1
| #define HAVE_DLFCN_H 1
| #define LT_OBJDIR ".libs/"
| #define SIZEOF_SHORT 2
| #define SIZEOF_INT 4
| #define SIZEOF_LONG 8
| #define SIZEOF_LONG_LONG 8
| #define HAVE_LIBM 1
| #define HAVE_LIBRESOLV 1
| #define STDC_HEADERS 1
| #define HAVE_SYS_IOCTL_H 1
| #define HAVE_SYS_TIME_H 1
| #define HAVE_SYS_TYPES_H 1
| #define HAVE_UNISTD_H 1
| #define HAVE_SYS_POLL_H 1
| #define HAVE_PTHREAD_H 1
| #define HAVE_GETOPT_H 1
| #define HAVE_SYSLOG_H 1
| #define HAVE_ZLIB_H 1
| #define HAVE_EXECINFO_H 1
| #define HAVE_STDLIB_H 1
| #define HAVE_SYS_SOCKET_H 1
| #define HAVE_NETINET_IN_H 1
| #define HAVE_NET_IF_H 1
| #define HAVE_SYS_UCONTEXT_H 1
| #define HAVE_UCONTEXT 1
| #define HAVE___FUNCTION__ 1
| #define HAVE___FUNC__ 1
| #define HAVE_ICONV 1
| #define ICONV_CONST 
| #define HAVE_GETTIMEOFDAY 1
| #define HAVE_SELECT 1
| #define HAVE_SOCKET 1
| #define HAVE_STRDUP 1
| #define HAVE_GETOPT_LONG 1
| #define HAVE_LOCALTIME_R 1
| #define HAVE_GMTIME_R 1
| #define HAVE_BACKTRACE 1
| #define HAVE_SRANDOM 1
| #define HAVE_INITGROUPS 1
| #define HAVE_STRTOLL 1
| #define HAVE_STRTOQ 1
| /* end confdefs.h.  */
| 
| #include <netdb.h>
| 
| int
| main ()
| {
| 
|         char *name;
|         struct hostent *he;
|         struct hostent_data data;
|         (void) gethostbyname_r(name, he, &data);
| 
|   ;
|   return 0;
| }
configure:15409: gcc -c -g -O2 -D_XOPEN_SOURCE=600 -D_BSD_SOURCE -D_DEFAULT_SOURCE -D_LARGE_FILES=  conftest.c >&5
configure:15409: $? = 0
configure:15446: result: 6
configure:15481: checking for socklen_t in <sys/socket.h>
configure:15501: gcc -c -g -O2 -D_XOPEN_SOURCE=600 -D_BSD_SOURCE -D_DEFAULT_SOURCE -D_LARGE_FILES=  conftest.c >&5
configure:15501: $? = 0
configure:15508: result: yes
configure:15518: checking for getopt in <stdio.h>
configure:15534: gcc -c -g -O2 -D_XOPEN_SOURCE=600 -D_BSD_SOURCE -D_DEFAULT_SOURCE -D_LARGE_FILES=  conftest.c >&5
conftest.c: In function 'main':
conftest.c:71:13: error: 'getopt' undeclared (first use in this function)
   71 | void *foo = getopt;
      |             ^~~~~~
conftest.c:71:13: note: each undeclared identifier is reported only once for each function it appears in
configure:15534: $? = 1
configure: failed program was:
| /* confdefs.h */
| #define PACKAGE_NAME ""
| #define PACKAGE_TARNAME ""
| #define PACKAGE_VERSION ""
| #define PACKAGE_STRING ""
| #define PACKAGE_BUGREPORT ""
| #define PACKAGE_URL ""
| #define GW_NAME "Kannel"
| #define GW_VERSION "1.4.5"
| #define VERSION "1.4.5"
| #define PACKAGE "Kannel"
| #define VERSION "1.4.5"
| #define STDC_HEADERS 1
| #define HAVE_SYS_TYPES_H 1
| #define HAVE_SYS_STAT_H 1
| #define HAVE_STDLIB_H 1
| #define HAVE_STRING_H 1
| #define HAVE_MEMORY_H 1
| #define HAVE_STRINGS_H 1
| #define HAVE_INTTYPES_H 1
| #define HAVE_STDINT_H 1
| #define HAVE_UNISTD_H 1
| #define HAVE_DLFCN_H 1
| #define LT_OBJDIR ".libs/"
| #define SIZEOF_SHORT 2
| #define SIZEOF_INT 4
| #define SIZEOF_LONG 8
| #define SIZEOF_LONG_LONG 8
| #define HAVE_LIBM 1
| #define HAVE_LIBRESOLV 1
| #define STDC_HEADERS 1
| #define HAVE_SYS_IOCTL_H 1
| #define HAVE_SYS_TIME_H 1
| #define HAVE_SYS_TYPES_H 1
| #define HAVE_UNISTD_H 1
| #define HAVE_SYS_POLL_H 1
| #define HAVE_PTHREAD_H 1
| #define HAVE_GETOPT_H 1
| #define HAVE_SYSLOG_H 1
| #define HAVE_ZLIB_H 1
| #define HAVE_EXECINFO_H 1
| #define HAVE_STDLIB_H 1
| #define HAVE_SYS_SOCKET_H 1
| #define HAVE_NETINET_IN_H 1
| #define HAVE_NET_IF_H 1
| #define HAVE_SYS_UCONTEXT_H 1
| #define HAVE_UCONTEXT 1
| #define HAVE___FUNCTION__ 1
| #define HAVE___FUNC__ 1
| #define HAVE_ICONV 1
| #define ICONV_CONST 
| #define HAVE_GETTIMEOFDAY 1
| #define HAVE_SELECT 1
| #define HAVE_SOCKET 1
| #define HAVE_STRDUP 1
| #define HAVE_GETOPT_LONG 1
| #define HAVE_LOCALTIME_R 1
| #define HAVE_GMTIME_R 1
| #define HAVE_BACKTRACE 1
| #define HAVE_SRANDOM 1
| #define HAVE_INITGROUPS 1
| #define HAVE_STRTOLL 1
| #define HAVE_STRTOQ 1
| #define HAVE_FUNC_GETHOSTBYNAME_R_6 1
| #define HAVE_SOCKLEN_T 1
| /* end confdefs.h.  */
| #include <stdio.h>
| int
| main ()
| {
| void *foo = getopt;
|   ;
|   return 0;
| }
configure:15541: result: no
configure:15550: checking for getopt in <unistd.h>
configure:15566: gcc -c -g -O2 -D_XOPEN_SOURCE=600 -D_BSD_SOURCE -D_DEFAULT_SOURCE -D_LARGE_FILES=  conftest.c >&5
configure:15566: $? = 0
configure:15573: result: yes
configure:15585: checking ftw.h usability
configure:15585: gcc -c -g -O2 -D_XOPEN_SOURCE=600 -D_BSD_SOURCE -D_DEFAULT_SOURCE -D_LARGE_FILES=  conftest.c >&5
configure:15585: $? = 0
configure:15585: result: yes
configure:15585: checking ftw.h presence
configure:15585: gcc -E  conftest.c
configure:15585: $? = 0
configure:15585: result: yes
configure:15585: checking for ftw.h
configure:15585: result: yes
configure:15591: checking for nftw
configure:15591: gcc -o conftest -g -O2 -D_XOPEN_SOURCE=600 -D_BSD_SOURCE -D_DEFAULT_SOURCE -D_LARGE_FILES=   -rdynamic conftest.c -lresolv -lm  -lpthread >&5
configure:15591: $? = 0
configure:15591: result: yes
configure:15609: checking regex.h usability
configure:15609: gcc -c -g -O2 -D_XOPEN_SOURCE=600 -D_BSD_SOURCE -D_DEFAULT_SOURCE -D_LARGE_FILES=  conftest.c >&5
configure:15609: $? = 0
configure:15609: result: yes
configure:15609: checking regex.h presence
configure:15609: gcc -E  conftest.c
configure:15609: $? = 0
configure:15609: result: yes
configure:15609: checking for regex.h
configure:15609: result: yes
configure:15615: checking for regcomp
configure:15615: gcc -o conftest -g -O2 -D_XOPEN_SOURCE=600 -D_BSD_SOURCE -D_DEFAULT_SOURCE -D_LARGE_FILES=   -rdynamic conftest.c -lresolv -lm  -lpthread >&5
configure:15615: $? = 0
configure:15615: result: yes
configure:15638: checking for working pthreads
configure:15669: gcc -o conftest -g -O2 -D_XOPEN_SOURCE=600 -D_BSD_SOURCE -D_DEFAULT_SOURCE -D_LARGE_FILES=   -rdynamic conftest.c -lresolv -lm  -lpthread >&5
conftest.c: In function 'testpid':
conftest.c:89:9: error: implicit declaration of function 'exit' [-Wimplicit-function-declaration]
   89 |         exit(1);
      |         ^~~~
conftest.c:74:1: note: include '<stdlib.h>' or provide a declaration of 'exit'
   73 | #include <unistd.h>
  +++ |+#include <stdlib.h>
   74 | int pid;
conftest.c:89:9: warning: incompatible implicit declaration of built-in function 'exit' [-Wbuiltin-declaration-mismatch]
   89 |         exit(1);
      |         ^~~~
conftest.c:89:9: note: include '<stdlib.h>' or provide a declaration of 'exit'
conftest.c:91:9: warning: incompatible implicit declaration of built-in function 'exit' [-Wbuiltin-declaration-mismatch]
   91 |         exit(0);
      |         ^~~~
conftest.c:91:9: note: include '<stdlib.h>' or provide a declaration of 'exit'
configure:15669: $? = 1
configure: program exited with status 1
configure: failed program was:
| /* confdefs.h */
| #define PACKAGE_NAME ""
| #define PACKAGE_TARNAME ""
| #define PACKAGE_VERSION ""
| #define PACKAGE_STRING ""
| #define PACKAGE_BUGREPORT ""
| #define PACKAGE_URL ""
| #define GW_NAME "Kannel"
| #define GW_VERSION "1.4.5"
| #define VERSION "1.4.5"
| #define PACKAGE "Kannel"
| #define VERSION "1.4.5"
| #define STDC_HEADERS 1
| #define HAVE_SYS_TYPES_H 1
| #define HAVE_SYS_STAT_H 1
| #define HAVE_STDLIB_H 1
| #define HAVE_STRING_H 1
| #define HAVE_MEMORY_H 1
| #define HAVE_STRINGS_H 1
| #define HAVE_INTTYPES_H 1
| #define HAVE_STDINT_H 1
| #define HAVE_UNISTD_H 1
| #define HAVE_DLFCN_H 1
| #define LT_OBJDIR ".libs/"
| #define SIZEOF_SHORT 2
| #define SIZEOF_INT 4
| #define SIZEOF_LONG 8
| #define SIZEOF_LONG_LONG 8
| #define HAVE_LIBM 1
| #define HAVE_LIBRESOLV 1
| #define STDC_HEADERS 1
| #define HAVE_SYS_IOCTL_H 1
| #define HAVE_SYS_TIME_H 1
| #define HAVE_SYS_TYPES_H 1
| #define HAVE_UNISTD_H 1
| #define HAVE_SYS_POLL_H 1
| #define HAVE_PTHREAD_H 1
| #define HAVE_GETOPT_H 1
| #define HAVE_SYSLOG_H 1
| #define HAVE_ZLIB_H 1
| #define HAVE_EXECINFO_H 1
| #define HAVE_STDLIB_H 1
| #define HAVE_SYS_SOCKET_H 1
| #define HAVE_NETINET_IN_H 1
| #define HAVE_NET_IF_H 1
| #define HAVE_SYS_UCONTEXT_H 1
| #define HAVE_UCONTEXT 1
| #define HAVE___FUNCTION__ 1
| #define HAVE___FUNC__ 1
| #define HAVE_ICONV 1
| #define ICONV_CONST 
| #define HAVE_GETTIMEOFDAY 1
| #define HAVE_SELECT 1
| #define HAVE_SOCKET 1
| #define HAVE_STRDUP 1
| #define HAVE_GETOPT_LONG 1
| #define HAVE_LOCALTIME_R 1
| #define HAVE_GMTIME_R 1
| #define HAVE_BACKTRACE 1
| #define HAVE_SRANDOM 1
| #define HAVE_INITGROUPS 1
| #define HAVE_STRTOLL 1
| #define HAVE_STRTOQ 1
| #define HAVE_FUNC_GETHOSTBYNAME_R_6 1
| #define HAVE_SOCKLEN_T 1
| #define HAVE_GETOPT_IN_UNISTD_H 1
| #define HAVE_FTW_H 1
| #define HAVE_NFTW 1
| #define HAVE_REGEX_H 1
| #define HAVE_REGEX 1
| /* end confdefs.h.  */
| #include <pthread.h>
| #include <unistd.h>
| int pid;
| void testpid(void* foo);
| int main(void){
|     pthread_t child;
|     pid=getpid();
|     pthread_create(&child,NULL,(void*)testpid,NULL);
|     pthread_join(child,NULL);
|     return 0;
| }
| void testpid(void* foo){
|     int mypid=getpid();
|     if(mypid!=pid){
|         /* Pthreads states that all threads should have the same PID
|          * we dont!
|          */
|         exit(1);
|     }else{
|         exit(0);
|     }
| }
| 
configure:15679: checking for pthread_spinlock support
configure:15706: gcc -c -g -O2 -D_XOPEN_SOURCE=600 -D_BSD_SOURCE -D_DEFAULT_SOURCE -D_LARGE_FILES= -DBROKEN_PTHREADS=1  conftest.c >&5
configure:15706: $? = 0
configure:15707: result: yes
configure:15716: checking for pthread_rwlock support
configure:15737: gcc -c -g -O2 -D_XOPEN_SOURCE=600 -D_BSD_SOURCE -D_DEFAULT_SOURCE -D_LARGE_FILES= -DBROKEN_PTHREADS=1  conftest.c >&5
configure:15737: $? = 0
configure:15738: result: yes
configure:15747: checking for sem_init in -lrt
configure:15772: gcc -o conftest -g -O2 -D_XOPEN_SOURCE=600 -D_BSD_SOURCE -D_DEFAULT_SOURCE -D_LARGE_FILES= -DBROKEN_PTHREADS=1   -rdynamic conftest.c -lrt  -lresolv -lm  -lpthread >&5
configure:15772: $? = 0
configure:15781: result: yes
configure:15792: checking for semaphore support
configure:15817: gcc -o conftest -g -O2 -D_XOPEN_SOURCE=600 -D_BSD_SOURCE -D_DEFAULT_SOURCE -D_LARGE_FILES= -DBROKEN_PTHREADS=1   -rdynamic conftest.c -lrt -lresolv -lm  -lpthread >&5
configure:15817: $? = 0
configure:15817: ./conftest
configure:15817: $? = 0
configure:15818: result: yes
configure:15841: checking for xml2-config
configure:15859: found /usr/bin/xml2-config
configure:15871: result: /usr/bin/xml2-config
configure:15886: checking libxml version
configure:15889: result: 2.12.7
configure:15931: checking whether to compile with PCRE support
configure:16094: result: disabled
configure:16111: checking for jade
configure:16141: result: no
configure:16111: checking for openjade
configure:16141: result: no
configure:16152: checking for jadetex
configure:16180: result: no
configure:16190: checking for pdfjadetex
configure:16218: result: no
configure:16228: checking for dvips
configure:16256: result: no
configure:16266: checking for fig2dev
configure:16294: result: no
configure:16304: checking for convert
configure:16332: result: no
configure:16354: checking for /usr/lib/sgml/stylesheet/dsssl/docbook/nwalsh/html/docbook.dsl
configure:16368: result: no
configure:16354: checking for /usr/lib/sgml/stylesheets/nwalsh-modular/html/docbook.dsl
configure:16368: result: no
configure:16354: checking for /usr/share/sgml/docbook/dsssl-stylesheets-1.*/html/docbook.dsl
configure:16368: result: no
configure:16354: checking for /usr/share/sgml/docbook/dsssl-stylesheets/html/docbook.dsl
configure:16368: result: no
configure:16354: checking for /usr/share/sgml/docbook/stylesheet/dsssl/modular/html/docbook.dsl
configure:16368: result: no
configure:16354: checking for /usr/share/sgml/docbook/dsssl/modular/html/docbook.dsl
configure:16368: result: no
configure:16354: checking for /usr/share/sgml/dsssl/docbook-dsssl-nwalsh/html/docbook.dsl
configure:16368: result: no
configure:16354: checking for /usr/share/dsssl/docbook-dsssl/html/docbook.dsl
configure:16368: result: no
configure:16354: checking for /usr/local/lib/sgml/stylesheet/dsssl/docbook/nwalsh/html/docbook.dsl
configure:16368: result: no
configure:16354: checking for /usr/local/lib/sgml/stylesheets/nwalsh-modular/html/docbook.dsl
configure:16368: result: no
configure:16354: checking for /usr/local/share/sgml/docbook/dsssl-stylesheets-1.*/html/docbook.dsl
configure:16368: result: no
configure:16354: checking for /usr/local/share/sgml/docbook/dsssl-stylesheets/html/docbook.dsl
configure:16368: result: no
configure:16354: checking for /usr/local/share/sgml/docbook/stylesheet/dsssl/modular/html/docbook.dsl
configure:16368: result: no
configure:16354: checking for /usr/local/share/sgml/docbook/dsssl/modular/html/docbook.dsl
configure:16368: result: no
configure:16354: checking for /usr/local/share/sgml/dsssl/docbook-dsssl-nwalsh/html/docbook.dsl
configure:16368: result: no
configure:16354: checking for /usr/local/share/dsssl/docbook-dsssl/html/docbook.dsl
configure:16368: result: no
configure:16354: checking for /sw/lib/sgml/stylesheet/dsssl/docbook/nwalsh/html/docbook.dsl
configure:16368: result: no
configure:16354: checking for /sw/lib/sgml/stylesheets/nwalsh-modular/html/docbook.dsl
configure:16368: result: no
configure:16354: checking for /sw/share/sgml/docbook/dsssl-stylesheets-1.*/html/docbook.dsl
configure:16368: result: no
configure:16354: checking for /sw/share/sgml/docbook/dsssl-stylesheets/html/docbook.dsl
configure:16368: result: no
configure:16354: checking for /sw/share/sgml/docbook/stylesheet/dsssl/modular/html/docbook.dsl
configure:16368: result: no
configure:16354: checking for /sw/share/sgml/docbook/dsssl/modular/html/docbook.dsl
configure:16368: result: no
configure:16354: checking for /sw/share/sgml/dsssl/docbook-dsssl-nwalsh/html/docbook.dsl
configure:16368: result: no
configure:16354: checking for /sw/share/dsssl/docbook-dsssl/html/docbook.dsl
configure:16368: result: no
configure:16354: checking for /opt/local/lib/sgml/stylesheet/dsssl/docbook/nwalsh/html/docbook.dsl
configure:16368: result: no
configure:16354: checking for /opt/local/lib/sgml/stylesheets/nwalsh-modular/html/docbook.dsl
configure:16368: result: no
configure:16354: checking for /opt/local/share/sgml/docbook/dsssl-stylesheets-1.*/html/docbook.dsl
configure:16368: result: no
configure:16354: checking for /opt/local/share/sgml/docbook/dsssl-stylesheets/html/docbook.dsl
configure:16368: result: no
configure:16354: checking for /opt/local/share/sgml/docbook/stylesheet/dsssl/modular/html/docbook.dsl
configure:16368: result: no
configure:16354: checking for /opt/local/share/sgml/docbook/dsssl/modular/html/docbook.dsl
configure:16368: result: no
configure:16354: checking for /opt/local/share/sgml/dsssl/docbook-dsssl-nwalsh/html/docbook.dsl
configure:16368: result: no
configure:16354: checking for /opt/local/share/dsssl/docbook-dsssl/html/docbook.dsl
configure:16368: result: no
configure:16392: checking for /usr/lib/sgml/stylesheet/dsssl/docbook/nwalsh/print/docbook.dsl
configure:16406: result: no
configure:16392: checking for /usr/lib/sgml/stylesheets/nwalsh-modular/print/docbook.dsl
configure:16406: result: no
configure:16392: checking for /usr/share/sgml/docbook/dsssl-stylesheets-1.*/print/docbook.dsl
configure:16406: result: no
configure:16392: checking for /usr/share/sgml/docbook/dsssl-stylesheets/print/docbook.dsl
configure:16406: result: no
configure:16392: checking for /usr/share/sgml/docbook/stylesheet/dsssl/modular/print/docbook.dsl
configure:16406: result: no
configure:16392: checking for /usr/share/sgml/docbook/dsssl/modular/print/docbook.dsl
configure:16406: result: no
configure:16392: checking for /usr/share/sgml/dsssl/docbook-dsssl-nwalsh/print/docbook.dsl
configure:16406: result: no
configure:16392: checking for /usr/share/dsssl/docbook-dsssl/print/docbook.dsl
configure:16406: result: no
configure:16392: checking for /usr/local/lib/sgml/stylesheet/dsssl/docbook/nwalsh/print/docbook.dsl
configure:16406: result: no
configure:16392: checking for /usr/local/lib/sgml/stylesheets/nwalsh-modular/print/docbook.dsl
configure:16406: result: no
configure:16392: checking for /usr/local/share/sgml/docbook/dsssl-stylesheets-1.*/print/docbook.dsl
configure:16406: result: no
configure:16392: checking for /usr/local/share/sgml/docbook/dsssl-stylesheets/print/docbook.dsl
configure:16406: result: no
configure:16392: checking for /usr/local/share/sgml/docbook/stylesheet/dsssl/modular/print/docbook.dsl
configure:16406: result: no
configure:16392: checking for /usr/local/share/sgml/docbook/dsssl/modular/print/docbook.dsl
configure:16406: result: no
configure:16392: checking for /usr/local/share/sgml/dsssl/docbook-dsssl-nwalsh/print/docbook.dsl
configure:16406: result: no
configure:16392: checking for /usr/local/share/dsssl/docbook-dsssl/print/docbook.dsl
configure:16406: result: no
configure:16392: checking for /sw/lib/sgml/stylesheet/dsssl/docbook/nwalsh/print/docbook.dsl
configure:16406: result: no
configure:16392: checking for /sw/lib/sgml/stylesheets/nwalsh-modular/print/docbook.dsl
configure:16406: result: no
configure:16392: checking for /sw/share/sgml/docbook/dsssl-stylesheets-1.*/print/docbook.dsl
configure:16406: result: no
configure:16392: checking for /sw/share/sgml/docbook/dsssl-stylesheets/print/docbook.dsl
configure:16406: result: no
configure:16392: checking for /sw/share/sgml/docbook/stylesheet/dsssl/modular/print/docbook.dsl
configure:16406: result: no
configure:16392: checking for /sw/share/sgml/docbook/dsssl/modular/print/docbook.dsl
configure:16406: result: no
configure:16392: checking for /sw/share/sgml/dsssl/docbook-dsssl-nwalsh/print/docbook.dsl
configure:16406: result: no
configure:16392: checking for /sw/share/dsssl/docbook-dsssl/print/docbook.dsl
configure:16406: result: no
configure:16392: checking for /opt/local/lib/sgml/stylesheet/dsssl/docbook/nwalsh/print/docbook.dsl
configure:16406: result: no
configure:16392: checking for /opt/local/lib/sgml/stylesheets/nwalsh-modular/print/docbook.dsl
configure:16406: result: no
configure:16392: checking for /opt/local/share/sgml/docbook/dsssl-stylesheets-1.*/print/docbook.dsl
configure:16406: result: no
configure:16392: checking for /opt/local/share/sgml/docbook/dsssl-stylesheets/print/docbook.dsl
configure:16406: result: no
configure:16392: checking for /opt/local/share/sgml/docbook/stylesheet/dsssl/modular/print/docbook.dsl
configure:16406: result: no
configure:16392: checking for /opt/local/share/sgml/docbook/dsssl/modular/print/docbook.dsl
configure:16406: result: no
configure:16392: checking for /opt/local/share/sgml/dsssl/docbook-dsssl-nwalsh/print/docbook.dsl
configure:16406: result: no
configure:16392: checking for /opt/local/share/dsssl/docbook-dsssl/print/docbook.dsl
configure:16406: result: no
configure:16431: checking for /usr/lib/sgml/stylesheet/dsssl/docbook/nwalsh/dtds/decls/xml.dcl
configure:16445: result: no
configure:16431: checking for /usr/lib/sgml/stylesheets/nwalsh-modular/dtds/decls/xml.dcl
configure:16445: result: no
configure:16431: checking for /usr/share/sgml/docbook/dsssl-stylesheets-1.*/dtds/decls/xml.dcl
configure:16445: result: no
configure:16431: checking for /usr/share/sgml/docbook/dsssl-stylesheets/dtds/decls/xml.dcl
configure:16445: result: no
configure:16431: checking for /usr/share/sgml/docbook/stylesheet/dsssl/modular/dtds/decls/xml.dcl
configure:16445: result: no
configure:16431: checking for /usr/share/sgml/docbook/dsssl/modular/dtds/decls/xml.dcl
configure:16445: result: no
configure:16431: checking for /usr/share/sgml/declaration/xml.dcl
configure:16445: result: no
configure:16431: checking for /usr/share/sgml/dsssl/docbook-dsssl-nwalsh/dtds/decls/xml.dcl
configure:16445: result: no
configure:16431: checking for /usr/share/dsssl/docbook-dsssl/dtds/decls/xml.dcl
configure:16445: result: no
configure:16431: checking for /usr/local/lib/sgml/stylesheet/dsssl/docbook/nwalsh/dtds/decls/xml.dcl
configure:16445: result: no
configure:16431: checking for /usr/local/lib/sgml/stylesheets/nwalsh-modular/dtds/decls/xml.dcl
configure:16445: result: no
configure:16431: checking for /usr/local/share/sgml/docbook/dsssl-stylesheets-1.*/dtds/decls/xml.dcl
configure:16445: result: no
configure:16431: checking for /usr/local/share/sgml/docbook/dsssl-stylesheets/dtds/decls/xml.dcl
configure:16445: result: no
configure:16431: checking for /usr/local/share/sgml/docbook/stylesheet/dsssl/modular/dtds/decls/xml.dcl
configure:16445: result: no
configure:16431: checking for /usr/local/share/sgml/docbook/dsssl/modular/dtds/decls/xml.dcl
configure:16445: result: no
configure:16431: checking for /usr/local/share/sgml/declaration/xml.dcl
configure:16445: result: no
configure:16431: checking for /usr/local/share/sgml/dsssl/docbook-dsssl-nwalsh/dtds/decls/xml.dcl
configure:16445: result: no
configure:16431: checking for /usr/local/share/dsssl/docbook-dsssl/dtds/decls/xml.dcl
configure:16445: result: no
configure:16431: checking for /sw/lib/sgml/stylesheet/dsssl/docbook/nwalsh/dtds/decls/xml.dcl
configure:16445: result: no
configure:16431: checking for /sw/lib/sgml/stylesheets/nwalsh-modular/dtds/decls/xml.dcl
configure:16445: result: no
configure:16431: checking for /sw/share/sgml/docbook/dsssl-stylesheets-1.*/dtds/decls/xml.dcl
configure:16445: result: no
configure:16431: checking for /sw/share/sgml/docbook/dsssl-stylesheets/dtds/decls/xml.dcl
configure:16445: result: no
configure:16431: checking for /sw/share/sgml/docbook/stylesheet/dsssl/modular/dtds/decls/xml.dcl
configure:16445: result: no
configure:16431: checking for /sw/share/sgml/docbook/dsssl/modular/dtds/decls/xml.dcl
configure:16445: result: no
configure:16431: checking for /sw/share/sgml/declaration/xml.dcl
configure:16445: result: no
configure:16431: checking for /sw/share/sgml/dsssl/docbook-dsssl-nwalsh/dtds/decls/xml.dcl
configure:16445: result: no
configure:16431: checking for /sw/share/dsssl/docbook-dsssl/dtds/decls/xml.dcl
configure:16445: result: no
configure:16431: checking for /opt/local/lib/sgml/stylesheet/dsssl/docbook/nwalsh/dtds/decls/xml.dcl
configure:16445: result: no
configure:16431: checking for /opt/local/lib/sgml/stylesheets/nwalsh-modular/dtds/decls/xml.dcl
configure:16445: result: no
configure:16431: checking for /opt/local/share/sgml/docbook/dsssl-stylesheets-1.*/dtds/decls/xml.dcl
configure:16445: result: no
configure:16431: checking for /opt/local/share/sgml/docbook/dsssl-stylesheets/dtds/decls/xml.dcl
configure:16445: result: no
configure:16431: checking for /opt/local/share/sgml/docbook/stylesheet/dsssl/modular/dtds/decls/xml.dcl
configure:16445: result: no
configure:16431: checking for /opt/local/share/sgml/docbook/dsssl/modular/dtds/decls/xml.dcl
configure:16445: result: no
configure:16431: checking for /opt/local/share/sgml/declaration/xml.dcl
configure:16445: result: no
configure:16431: checking for /opt/local/share/sgml/dsssl/docbook-dsssl-nwalsh/dtds/decls/xml.dcl
configure:16445: result: no
configure:16431: checking for /opt/local/share/dsssl/docbook-dsssl/dtds/decls/xml.dcl
configure:16445: result: no
configure:16507: result: Not building documentation.
configure:16612: checking which malloc to use
configure:16652: result: native malloc
configure:16893: checking whether to compile start-stop-daemon
configure:16913: result: disabled
configure:16976: checking whether to compile with SSL support
configure:17018: result: trying /usr/lib/gcc/x86_64-linux-gnu/14/../../../x86_64-linux-gnu /usr/local/openssl/include
configure:17030: checking for openssl
configure:17048: found /usr/local/openssl/bin/openssl
configure:17061: result: /usr/local/openssl/bin/openssl
configure:17070: checking openssl version
configure:17074: result: 3.3.1
configure:17110: checking for HMAC_Update in -lcrypto
configure:17135: gcc -o conftest -g -O2 -D_XOPEN_SOURCE=600 -D_BSD_SOURCE -D_DEFAULT_SOURCE -D_LARGE_FILES= -DBROKEN_PTHREADS=1 -I/usr/include/libxml2 -I/usr/local/openssl/include   -rdynamic conftest.c -lcrypto  -lrt -lresolv -lm  -lpthread -lxml2 -L/usr/lib/gcc/x86_64-linux-gnu/14/../../../x86_64-linux-gnu >&5
configure:17135: $? = 0
configure:17145: result: yes
configure:17150: checking for OPENSSL_init_ssl in -lssl
configure:17175: gcc -o conftest -g -O2 -D_XOPEN_SOURCE=600 -D_BSD_SOURCE -D_DEFAULT_SOURCE -D_LARGE_FILES= -DBROKEN_PTHREADS=1 -I/usr/include/libxml2 -I/usr/local/openssl/include   -rdynamic conftest.c -lssl  -lrt -lresolv -lm  -lpthread -lxml2 -L/usr/lib/gcc/x86_64-linux-gnu/14/../../../x86_64-linux-gnu -lcrypto >&5
configure:17175: $? = 0
configure:17185: result: yes
configure:17188: checking for SSL_connect in -lssl
configure:17213: gcc -o conftest -g -O2 -D_XOPEN_SOURCE=600 -D_BSD_SOURCE -D_DEFAULT_SOURCE -D_LARGE_FILES= -DBROKEN_PTHREADS=1 -I/usr/include/libxml2 -I/usr/local/openssl/include   -rdynamic conftest.c -lssl  -lrt -lresolv -lm  -lpthread -lxml2 -L/usr/lib/gcc/x86_64-linux-gnu/14/../../../x86_64-linux-gnu -lcrypto >&5
configure:17213: $? = 0
configure:17222: result: yes
configure:17238: checking openssl/x509.h usability
configure:17238: gcc -c -g -O2 -D_XOPEN_SOURCE=600 -D_BSD_SOURCE -D_DEFAULT_SOURCE -D_LARGE_FILES= -DBROKEN_PTHREADS=1 -I/usr/include/libxml2 -I/usr/local/openssl/include  conftest.c >&5
configure:17238: $? = 0
configure:17238: result: yes
configure:17238: checking openssl/x509.h presence
configure:17238: gcc -E  conftest.c
configure:17238: $? = 0
configure:17238: result: yes
configure:17238: checking for openssl/x509.h
configure:17238: result: yes
configure:17238: checking openssl/rsa.h usability
configure:17238: gcc -c -g -O2 -D_XOPEN_SOURCE=600 -D_BSD_SOURCE -D_DEFAULT_SOURCE -D_LARGE_FILES= -DBROKEN_PTHREADS=1 -I/usr/include/libxml2 -I/usr/local/openssl/include  conftest.c >&5
configure:17238: $? = 0
configure:17238: result: yes
configure:17238: checking openssl/rsa.h presence
configure:17238: gcc -E  conftest.c
configure:17238: $? = 0
configure:17238: result: yes
configure:17238: checking for openssl/rsa.h
configure:17238: result: yes
configure:17238: checking openssl/crypto.h usability
configure:17238: gcc -c -g -O2 -D_XOPEN_SOURCE=600 -D_BSD_SOURCE -D_DEFAULT_SOURCE -D_LARGE_FILES= -DBROKEN_PTHREADS=1 -I/usr/include/libxml2 -I/usr/local/openssl/include  conftest.c >&5
configure:17238: $? = 0
configure:17238: result: yes
configure:17238: checking openssl/crypto.h presence
configure:17238: gcc -E  conftest.c
configure:17238: $? = 0
configure:17238: result: yes
configure:17238: checking for openssl/crypto.h
configure:17238: result: yes
configure:17238: checking openssl/pem.h usability
configure:17238: gcc -c -g -O2 -D_XOPEN_SOURCE=600 -D_BSD_SOURCE -D_DEFAULT_SOURCE -D_LARGE_FILES= -DBROKEN_PTHREADS=1 -I/usr/include/libxml2 -I/usr/local/openssl/include  conftest.c >&5
configure:17238: $? = 0
configure:17238: result: yes
configure:17238: checking openssl/pem.h presence
configure:17238: gcc -E  conftest.c
configure:17238: $? = 0
configure:17238: result: yes
configure:17238: checking for openssl/pem.h
configure:17238: result: yes
configure:17238: checking openssl/ssl.h usability
configure:17238: gcc -c -g -O2 -D_XOPEN_SOURCE=600 -D_BSD_SOURCE -D_DEFAULT_SOURCE -D_LARGE_FILES= -DBROKEN_PTHREADS=1 -I/usr/include/libxml2 -I/usr/local/openssl/include  conftest.c >&5
configure:17238: $? = 0
configure:17238: result: yes
configure:17238: checking openssl/ssl.h presence
configure:17238: gcc -E  conftest.c
configure:17238: $? = 0
configure:17238: result: yes
configure:17238: checking for openssl/ssl.h
configure:17238: result: yes
configure:17238: checking openssl/err.h usability
configure:17238: gcc -c -g -O2 -D_XOPEN_SOURCE=600 -D_BSD_SOURCE -D_DEFAULT_SOURCE -D_LARGE_FILES= -DBROKEN_PTHREADS=1 -I/usr/include/libxml2 -I/usr/local/openssl/include  conftest.c >&5
configure:17238: $? = 0
configure:17238: result: yes
configure:17238: checking openssl/err.h presence
configure:17238: gcc -E  conftest.c
configure:17238: $? = 0
configure:17238: result: yes
configure:17238: checking for openssl/err.h
configure:17238: result: yes
configure:17238: checking openssl/hmac.h usability
configure:17238: gcc -c -g -O2 -D_XOPEN_SOURCE=600 -D_BSD_SOURCE -D_DEFAULT_SOURCE -D_LARGE_FILES= -DBROKEN_PTHREADS=1 -I/usr/include/libxml2 -I/usr/local/openssl/include  conftest.c >&5
configure:17238: $? = 0
configure:17238: result: yes
configure:17238: checking openssl/hmac.h presence
configure:17238: gcc -E  conftest.c
configure:17238: $? = 0
configure:17238: result: yes
configure:17238: checking for openssl/hmac.h
configure:17238: result: yes
configure:17248: checking whether the OpenSSL library is multithread-enabled
configure:17270: gcc -o conftest -g -O2 -D_XOPEN_SOURCE=600 -D_BSD_SOURCE -D_DEFAULT_SOURCE -D_LARGE_FILES= -DBROKEN_PTHREADS=1 -I/usr/include/libxml2 -I/usr/local/openssl/include   -rdynamic conftest.c -lssl -lrt -lresolv -lm  -lpthread -lxml2 -L/usr/lib/gcc/x86_64-linux-gnu/14/../../../x86_64-linux-gnu -lcrypto >&5
conftest.c: In function 'main':
conftest.c:96:11: error: implicit declaration of function 'exit' [-Wimplicit-function-declaration]
   96 |           exit(0);
      |           ^~~~
conftest.c:92:1: note: include '<stdlib.h>' or provide a declaration of 'exit'
   91 |         #include <openssl/opensslconf.h>
  +++ |+#include <stdlib.h>
   92 |         int main(void) {
conftest.c:96:11: warning: incompatible implicit declaration of built-in function 'exit' [-Wbuiltin-declaration-mismatch]
   96 |           exit(0);
      |           ^~~~
conftest.c:96:11: note: include '<stdlib.h>' or provide a declaration of 'exit'
configure:17270: $? = 1
configure: program exited with status 1
configure: failed program was:
| /* confdefs.h */
| #define PACKAGE_NAME ""
| #define PACKAGE_TARNAME ""
| #define PACKAGE_VERSION ""
| #define PACKAGE_STRING ""
| #define PACKAGE_BUGREPORT ""
| #define PACKAGE_URL ""
| #define GW_NAME "Kannel"
| #define GW_VERSION "1.4.5"
| #define VERSION "1.4.5"
| #define PACKAGE "Kannel"
| #define VERSION "1.4.5"
| #define STDC_HEADERS 1
| #define HAVE_SYS_TYPES_H 1
| #define HAVE_SYS_STAT_H 1
| #define HAVE_STDLIB_H 1
| #define HAVE_STRING_H 1
| #define HAVE_MEMORY_H 1
| #define HAVE_STRINGS_H 1
| #define HAVE_INTTYPES_H 1
| #define HAVE_STDINT_H 1
| #define HAVE_UNISTD_H 1
| #define HAVE_DLFCN_H 1
| #define LT_OBJDIR ".libs/"
| #define SIZEOF_SHORT 2
| #define SIZEOF_INT 4
| #define SIZEOF_LONG 8
| #define SIZEOF_LONG_LONG 8
| #define HAVE_LIBM 1
| #define HAVE_LIBRESOLV 1
| #define STDC_HEADERS 1
| #define HAVE_SYS_IOCTL_H 1
| #define HAVE_SYS_TIME_H 1
| #define HAVE_SYS_TYPES_H 1
| #define HAVE_UNISTD_H 1
| #define HAVE_SYS_POLL_H 1
| #define HAVE_PTHREAD_H 1
| #define HAVE_GETOPT_H 1
| #define HAVE_SYSLOG_H 1
| #define HAVE_ZLIB_H 1
| #define HAVE_EXECINFO_H 1
| #define HAVE_STDLIB_H 1
| #define HAVE_SYS_SOCKET_H 1
| #define HAVE_NETINET_IN_H 1
| #define HAVE_NET_IF_H 1
| #define HAVE_SYS_UCONTEXT_H 1
| #define HAVE_UCONTEXT 1
| #define HAVE___FUNCTION__ 1
| #define HAVE___FUNC__ 1
| #define HAVE_ICONV 1
| #define ICONV_CONST 
| #define HAVE_GETTIMEOFDAY 1
| #define HAVE_SELECT 1
| #define HAVE_SOCKET 1
| #define HAVE_STRDUP 1
| #define HAVE_GETOPT_LONG 1
| #define HAVE_LOCALTIME_R 1
| #define HAVE_GMTIME_R 1
| #define HAVE_BACKTRACE 1
| #define HAVE_SRANDOM 1
| #define HAVE_INITGROUPS 1
| #define HAVE_STRTOLL 1
| #define HAVE_STRTOQ 1
| #define HAVE_FUNC_GETHOSTBYNAME_R_6 1
| #define HAVE_SOCKLEN_T 1
| #define HAVE_GETOPT_IN_UNISTD_H 1
| #define HAVE_FTW_H 1
| #define HAVE_NFTW 1
| #define HAVE_REGEX_H 1
| #define HAVE_REGEX 1
| #define HAVE_PTHREAD_SPINLOCK_T 1
| #define HAVE_PTHREAD_RWLOCK 1
| #define HAVE_LIBRT 1
| #define HAVE_SEMAPHORE 1
| #define SUFFIX ""
| #define USE_GWMEM_NATIVE 1
| #define LOG_TIMESTAMP_LOCALTIME 1
| #define ENABLE_COOKIES 1
| #define USE_KEEPALIVE 1
| #define HAVE_LIBSSL 1
| #define HAVE_OPENSSL_X509_H 1
| #define HAVE_OPENSSL_RSA_H 1
| #define HAVE_OPENSSL_CRYPTO_H 1
| #define HAVE_OPENSSL_PEM_H 1
| #define HAVE_OPENSSL_SSL_H 1
| #define HAVE_OPENSSL_ERR_H 1
| #define HAVE_OPENSSL_HMAC_H 1
| /* end confdefs.h.  */
| 
|         #define OPENSSL_THREAD_DEFINES
|         #include <openssl/opensslconf.h>
|         int main(void) {
|         #if defined(THREADS)
|           exit(0);
|         #elif defined(OPENSSL_THREADS)
|           exit(0);
|         #else
|           exit(1);
|         #endif
|         }
| 
configure:17293: result: no
configure:17295: error: Either get a multithread-enabled SSL or configure with --disable-ssl

## ---------------- ##
## Cache variables. ##
## ---------------- ##

ac_cv_build=x86_64-unknown-linux-gnu
ac_cv_c_compiler_gnu=yes
ac_cv_c_inline=inline
ac_cv_env_CC_set=
ac_cv_env_CC_value=
ac_cv_env_CFLAGS_set=
ac_cv_env_CFLAGS_value=
ac_cv_env_CPPFLAGS_set=
ac_cv_env_CPPFLAGS_value=
ac_cv_env_CPP_set=
ac_cv_env_CPP_value=
ac_cv_env_LDFLAGS_set=
ac_cv_env_LDFLAGS_value=
ac_cv_env_LIBS_set=
ac_cv_env_LIBS_value=
ac_cv_env_YACC_set=
ac_cv_env_YACC_value=
ac_cv_env_YFLAGS_set=
ac_cv_env_YFLAGS_value=
ac_cv_env_build_alias_set=
ac_cv_env_build_alias_value=
ac_cv_env_host_alias_set=
ac_cv_env_host_alias_value=
ac_cv_env_target_alias_set=
ac_cv_env_target_alias_value=
ac_cv_file__opt_local_lib_sgml_stylesheet_dsssl_docbook_nwalsh_dtds_decls_xml_dcl=no
ac_cv_file__opt_local_lib_sgml_stylesheet_dsssl_docbook_nwalsh_html_docbook_dsl=no
ac_cv_file__opt_local_lib_sgml_stylesheet_dsssl_docbook_nwalsh_print_docbook_dsl=no
ac_cv_file__opt_local_lib_sgml_stylesheets_nwalsh_modular_dtds_decls_xml_dcl=no
ac_cv_file__opt_local_lib_sgml_stylesheets_nwalsh_modular_html_docbook_dsl=no
ac_cv_file__opt_local_lib_sgml_stylesheets_nwalsh_modular_print_docbook_dsl=no
ac_cv_file__opt_local_share_dsssl_docbook_dsssl_dtds_decls_xml_dcl=no
ac_cv_file__opt_local_share_dsssl_docbook_dsssl_html_docbook_dsl=no
ac_cv_file__opt_local_share_dsssl_docbook_dsssl_print_docbook_dsl=no
ac_cv_file__opt_local_share_sgml_declaration_xml_dcl=no
ac_cv_file__opt_local_share_sgml_docbook_dsssl_modular_dtds_decls_xml_dcl=no
ac_cv_file__opt_local_share_sgml_docbook_dsssl_modular_html_docbook_dsl=no
ac_cv_file__opt_local_share_sgml_docbook_dsssl_modular_print_docbook_dsl=no
ac_cv_file__opt_local_share_sgml_docbook_dsssl_stylesheets_1_p_dtds_decls_xml_dcl=no
ac_cv_file__opt_local_share_sgml_docbook_dsssl_stylesheets_1_p_html_docbook_dsl=no
ac_cv_file__opt_local_share_sgml_docbook_dsssl_stylesheets_1_p_print_docbook_dsl=no
ac_cv_file__opt_local_share_sgml_docbook_dsssl_stylesheets_dtds_decls_xml_dcl=no
ac_cv_file__opt_local_share_sgml_docbook_dsssl_stylesheets_html_docbook_dsl=no
ac_cv_file__opt_local_share_sgml_docbook_dsssl_stylesheets_print_docbook_dsl=no
ac_cv_file__opt_local_share_sgml_docbook_stylesheet_dsssl_modular_dtds_decls_xml_dcl=no
ac_cv_file__opt_local_share_sgml_docbook_stylesheet_dsssl_modular_html_docbook_dsl=no
ac_cv_file__opt_local_share_sgml_docbook_stylesheet_dsssl_modular_print_docbook_dsl=no
ac_cv_file__opt_local_share_sgml_dsssl_docbook_dsssl_nwalsh_dtds_decls_xml_dcl=no
ac_cv_file__opt_local_share_sgml_dsssl_docbook_dsssl_nwalsh_html_docbook_dsl=no
ac_cv_file__opt_local_share_sgml_dsssl_docbook_dsssl_nwalsh_print_docbook_dsl=no
ac_cv_file__sw_lib_sgml_stylesheet_dsssl_docbook_nwalsh_dtds_decls_xml_dcl=no
ac_cv_file__sw_lib_sgml_stylesheet_dsssl_docbook_nwalsh_html_docbook_dsl=no
ac_cv_file__sw_lib_sgml_stylesheet_dsssl_docbook_nwalsh_print_docbook_dsl=no
ac_cv_file__sw_lib_sgml_stylesheets_nwalsh_modular_dtds_decls_xml_dcl=no
ac_cv_file__sw_lib_sgml_stylesheets_nwalsh_modular_html_docbook_dsl=no
ac_cv_file__sw_lib_sgml_stylesheets_nwalsh_modular_print_docbook_dsl=no
ac_cv_file__sw_share_dsssl_docbook_dsssl_dtds_decls_xml_dcl=no
ac_cv_file__sw_share_dsssl_docbook_dsssl_html_docbook_dsl=no
ac_cv_file__sw_share_dsssl_docbook_dsssl_print_docbook_dsl=no
ac_cv_file__sw_share_sgml_declaration_xml_dcl=no
ac_cv_file__sw_share_sgml_docbook_dsssl_modular_dtds_decls_xml_dcl=no
ac_cv_file__sw_share_sgml_docbook_dsssl_modular_html_docbook_dsl=no
ac_cv_file__sw_share_sgml_docbook_dsssl_modular_print_docbook_dsl=no
ac_cv_file__sw_share_sgml_docbook_dsssl_stylesheets_1_p_dtds_decls_xml_dcl=no
ac_cv_file__sw_share_sgml_docbook_dsssl_stylesheets_1_p_html_docbook_dsl=no
ac_cv_file__sw_share_sgml_docbook_dsssl_stylesheets_1_p_print_docbook_dsl=no
ac_cv_file__sw_share_sgml_docbook_dsssl_stylesheets_dtds_decls_xml_dcl=no
ac_cv_file__sw_share_sgml_docbook_dsssl_stylesheets_html_docbook_dsl=no
ac_cv_file__sw_share_sgml_docbook_dsssl_stylesheets_print_docbook_dsl=no
ac_cv_file__sw_share_sgml_docbook_stylesheet_dsssl_modular_dtds_decls_xml_dcl=no
ac_cv_file__sw_share_sgml_docbook_stylesheet_dsssl_modular_html_docbook_dsl=no
ac_cv_file__sw_share_sgml_docbook_stylesheet_dsssl_modular_print_docbook_dsl=no
ac_cv_file__sw_share_sgml_dsssl_docbook_dsssl_nwalsh_dtds_decls_xml_dcl=no
ac_cv_file__sw_share_sgml_dsssl_docbook_dsssl_nwalsh_html_docbook_dsl=no
ac_cv_file__sw_share_sgml_dsssl_docbook_dsssl_nwalsh_print_docbook_dsl=no
ac_cv_file__usr_lib_sgml_stylesheet_dsssl_docbook_nwalsh_dtds_decls_xml_dcl=no
ac_cv_file__usr_lib_sgml_stylesheet_dsssl_docbook_nwalsh_html_docbook_dsl=no
ac_cv_file__usr_lib_sgml_stylesheet_dsssl_docbook_nwalsh_print_docbook_dsl=no
ac_cv_file__usr_lib_sgml_stylesheets_nwalsh_modular_dtds_decls_xml_dcl=no
ac_cv_file__usr_lib_sgml_stylesheets_nwalsh_modular_html_docbook_dsl=no
ac_cv_file__usr_lib_sgml_stylesheets_nwalsh_modular_print_docbook_dsl=no
ac_cv_file__usr_local_lib_sgml_stylesheet_dsssl_docbook_nwalsh_dtds_decls_xml_dcl=no
ac_cv_file__usr_local_lib_sgml_stylesheet_dsssl_docbook_nwalsh_html_docbook_dsl=no
ac_cv_file__usr_local_lib_sgml_stylesheet_dsssl_docbook_nwalsh_print_docbook_dsl=no
ac_cv_file__usr_local_lib_sgml_stylesheets_nwalsh_modular_dtds_decls_xml_dcl=no
ac_cv_file__usr_local_lib_sgml_stylesheets_nwalsh_modular_html_docbook_dsl=no
ac_cv_file__usr_local_lib_sgml_stylesheets_nwalsh_modular_print_docbook_dsl=no
ac_cv_file__usr_local_share_dsssl_docbook_dsssl_dtds_decls_xml_dcl=no
ac_cv_file__usr_local_share_dsssl_docbook_dsssl_html_docbook_dsl=no
ac_cv_file__usr_local_share_dsssl_docbook_dsssl_print_docbook_dsl=no
ac_cv_file__usr_local_share_sgml_declaration_xml_dcl=no
ac_cv_file__usr_local_share_sgml_docbook_dsssl_modular_dtds_decls_xml_dcl=no
ac_cv_file__usr_local_share_sgml_docbook_dsssl_modular_html_docbook_dsl=no
ac_cv_file__usr_local_share_sgml_docbook_dsssl_modular_print_docbook_dsl=no
ac_cv_file__usr_local_share_sgml_docbook_dsssl_stylesheets_1_p_dtds_decls_xml_dcl=no
ac_cv_file__usr_local_share_sgml_docbook_dsssl_stylesheets_1_p_html_docbook_dsl=no
ac_cv_file__usr_local_share_sgml_docbook_dsssl_stylesheets_1_p_print_docbook_dsl=no
ac_cv_file__usr_local_share_sgml_docbook_dsssl_stylesheets_dtds_decls_xml_dcl=no
ac_cv_file__usr_local_share_sgml_docbook_dsssl_stylesheets_html_docbook_dsl=no
ac_cv_file__usr_local_share_sgml_docbook_dsssl_stylesheets_print_docbook_dsl=no
ac_cv_file__usr_local_share_sgml_docbook_stylesheet_dsssl_modular_dtds_decls_xml_dcl=no
ac_cv_file__usr_local_share_sgml_docbook_stylesheet_dsssl_modular_html_docbook_dsl=no
ac_cv_file__usr_local_share_sgml_docbook_stylesheet_dsssl_modular_print_docbook_dsl=no
ac_cv_file__usr_local_share_sgml_dsssl_docbook_dsssl_nwalsh_dtds_decls_xml_dcl=no
ac_cv_file__usr_local_share_sgml_dsssl_docbook_dsssl_nwalsh_html_docbook_dsl=no
ac_cv_file__usr_local_share_sgml_dsssl_docbook_dsssl_nwalsh_print_docbook_dsl=no
ac_cv_file__usr_share_dsssl_docbook_dsssl_dtds_decls_xml_dcl=no
ac_cv_file__usr_share_dsssl_docbook_dsssl_html_docbook_dsl=no
ac_cv_file__usr_share_dsssl_docbook_dsssl_print_docbook_dsl=no
ac_cv_file__usr_share_sgml_declaration_xml_dcl=no
ac_cv_file__usr_share_sgml_docbook_dsssl_modular_dtds_decls_xml_dcl=no
ac_cv_file__usr_share_sgml_docbook_dsssl_modular_html_docbook_dsl=no
ac_cv_file__usr_share_sgml_docbook_dsssl_modular_print_docbook_dsl=no
ac_cv_file__usr_share_sgml_docbook_dsssl_stylesheets_1_p_dtds_decls_xml_dcl=no
ac_cv_file__usr_share_sgml_docbook_dsssl_stylesheets_1_p_html_docbook_dsl=no
ac_cv_file__usr_share_sgml_docbook_dsssl_stylesheets_1_p_print_docbook_dsl=no
ac_cv_file__usr_share_sgml_docbook_dsssl_stylesheets_dtds_decls_xml_dcl=no
ac_cv_file__usr_share_sgml_docbook_dsssl_stylesheets_html_docbook_dsl=no
ac_cv_file__usr_share_sgml_docbook_dsssl_stylesheets_print_docbook_dsl=no
ac_cv_file__usr_share_sgml_docbook_stylesheet_dsssl_modular_dtds_decls_xml_dcl=no
ac_cv_file__usr_share_sgml_docbook_stylesheet_dsssl_modular_html_docbook_dsl=no
ac_cv_file__usr_share_sgml_docbook_stylesheet_dsssl_modular_print_docbook_dsl=no
ac_cv_file__usr_share_sgml_dsssl_docbook_dsssl_nwalsh_dtds_decls_xml_dcl=no
ac_cv_file__usr_share_sgml_dsssl_docbook_dsssl_nwalsh_html_docbook_dsl=no
ac_cv_file__usr_share_sgml_dsssl_docbook_dsssl_nwalsh_print_docbook_dsl=no
ac_cv_func_backtrace=yes
ac_cv_func_gethostbyname_r=yes
ac_cv_func_getopt=yes
ac_cv_func_getopt_long=yes
ac_cv_func_gettimeofday=yes
ac_cv_func_gmtime_r=yes
ac_cv_func_initgroups=yes
ac_cv_func_localtime_r=yes
ac_cv_func_nftw=yes
ac_cv_func_regcomp=yes
ac_cv_func_select=yes
ac_cv_func_socket=yes
ac_cv_func_srandom=yes
ac_cv_func_strdup=yes
ac_cv_func_strtoll=yes
ac_cv_func_strtoq=yes
ac_cv_func_which_gethostname_r=6
ac_cv_header_dlfcn_h=yes
ac_cv_header_execinfo_h=yes
ac_cv_header_ftw_h=yes
ac_cv_header_getopt_h=yes
ac_cv_header_inttypes_h=yes
ac_cv_header_memory_h=yes
ac_cv_header_net_if_h=yes
ac_cv_header_netinet_in_h=yes
ac_cv_header_openssl_crypto_h=yes
ac_cv_header_openssl_err_h=yes
ac_cv_header_openssl_hmac_h=yes
ac_cv_header_openssl_pem_h=yes
ac_cv_header_openssl_rsa_h=yes
ac_cv_header_openssl_ssl_h=yes
ac_cv_header_openssl_x509_h=yes
ac_cv_header_pthread_h=yes
ac_cv_header_regex_h=yes
ac_cv_header_stdc=yes
ac_cv_header_stdint_h=yes
ac_cv_header_stdlib_h=yes
ac_cv_header_string_h=yes
ac_cv_header_strings_h=yes
ac_cv_header_sys_ioctl_h=yes
ac_cv_header_sys_poll_h=yes
ac_cv_header_sys_socket_h=yes
ac_cv_header_sys_sockio_h=no
ac_cv_header_sys_stat_h=yes
ac_cv_header_sys_time_h=yes
ac_cv_header_sys_types_h=yes
ac_cv_header_sys_ucontext_h=yes
ac_cv_header_syslog_h=yes
ac_cv_header_unistd_h=yes
ac_cv_header_zlib_h=yes
ac_cv_host=x86_64-unknown-linux-gnu
ac_cv_lib_bind_inet_ntop=no
ac_cv_lib_crypto_HMAC_Update=yes
ac_cv_lib_iconv_libiconv=no
ac_cv_lib_m_log=yes
ac_cv_lib_nsl_inet_ntoa=no
ac_cv_lib_pthread_pthread_exit=yes
ac_cv_lib_resolv_inet_ntop=yes
ac_cv_lib_rt_sem_init=yes
ac_cv_lib_socket_accept=no
ac_cv_lib_ssl_OPENSSL_init_ssl=yes
ac_cv_lib_ssl_SSL_connect=yes
ac_cv_objext=o
ac_cv_path_EGREP='/usr/bin/grep -E'
ac_cv_path_FGREP='/usr/bin/grep -F'
ac_cv_path_GREP=/usr/bin/grep
ac_cv_path_OPENSSL=/usr/local/openssl/bin/openssl
ac_cv_path_PERL=/usr/bin/perl
ac_cv_path_SED=/usr/bin/sed
ac_cv_path_XML_CONFIG=/usr/bin/xml2-config
ac_cv_path_install='/usr/bin/install -c'
ac_cv_path_mkdir=/usr/bin/mkdir
ac_cv_prog_AWK=gawk
ac_cv_prog_CONVERT=no
ac_cv_prog_CPP='gcc -E'
ac_cv_prog_DVIPS=no
ac_cv_prog_FIG2DEV=no
ac_cv_prog_JADETEX=no
ac_cv_prog_PDFJADETEX=no
ac_cv_prog_YACC='bison -y'
ac_cv_prog_ac_ct_AR=ar
ac_cv_prog_ac_ct_CC=gcc
ac_cv_prog_ac_ct_MANIFEST_TOOL=mt
ac_cv_prog_ac_ct_OBJDUMP=objdump
ac_cv_prog_ac_ct_RANLIB=ranlib
ac_cv_prog_ac_ct_STRIP=strip
ac_cv_prog_cc_c89=
ac_cv_prog_cc_c99=
ac_cv_prog_cc_g=yes
ac_cv_prog_make_make_set=yes
ac_cv_sizeof_int=4
ac_cv_sizeof_long=8
ac_cv_sizeof_long_long=8
ac_cv_sizeof_short=2
ac_cv_sys_file_offset_bits=no
ac_cv_sys_largefile_CC=no
acl_cv_path_LD='/usr/bin/ld -m elf_x86_64'
acl_cv_prog_gnu_ld=yes
acl_cv_rpath=done
am_cv_CC_dependencies_compiler_type=gcc3
am_cv_func_iconv=yes
am_cv_func_iconv_works=yes
am_cv_lib_iconv=no
am_cv_make_support_nested_variables=yes
am_cv_prog_cc_c_o=yes
am_cv_proto_iconv='extern size_t iconv (iconv_t cd, char * *inbuf, size_t *inbytesleft, char * *outbuf, size_t *outbytesleft);'
am_cv_proto_iconv_arg1=
gw_cv_func_HAVE_GETOPT_IN_STDIO_H=no
gw_cv_func_HAVE_GETOPT_IN_UNISTD_H=yes
gw_cv_type_HAVE_SOCKLEN_T=yes
lt_cv_ar_at_file=@
lt_cv_archive_cmds_need_lc=no
lt_cv_deplibs_check_method=pass_all
lt_cv_file_magic_cmd='$MAGIC_CMD'
lt_cv_file_magic_test_file=
lt_cv_ld_reload_flag=-r
lt_cv_nm_interface='BSD nm'
lt_cv_objdir=.libs
lt_cv_path_LD=/usr/bin/ld
lt_cv_path_NM='/usr/bin/nm -B'
lt_cv_path_mainfest_tool=no
lt_cv_prog_compiler_c_o=yes
lt_cv_prog_compiler_pic='-fPIC -DPIC'
lt_cv_prog_compiler_pic_works=yes
lt_cv_prog_compiler_rtti_exceptions=no
lt_cv_prog_compiler_static_works=yes
lt_cv_prog_gnu_ld=yes
lt_cv_sharedlib_from_linklib_cmd='printf %s\n'
lt_cv_shlibpath_overrides_runpath=yes
lt_cv_sys_global_symbol_pipe='sed -n -e '\''s/^.*[	 ]\([ABCDGIRSTW][ABCDGIRSTW]*\)[	 ][	 ]*\([_A-Za-z][_A-Za-z0-9]*\)$/\1 \2 \2/p'\'' | sed '\''/ __gnu_lto/d'\'''
lt_cv_sys_global_symbol_to_c_name_address='sed -n -e '\''s/^: \([^ ]*\)[ ]*$/  {\"\1\", (void *) 0},/p'\'' -e '\''s/^[ABCDGIRSTW]* \([^ ]*\) \([^ ]*\)$/  {"\2", (void *) \&\2},/p'\'''
lt_cv_sys_global_symbol_to_c_name_address_lib_prefix='sed -n -e '\''s/^: \([^ ]*\)[ ]*$/  {\"\1\", (void *) 0},/p'\'' -e '\''s/^[ABCDGIRSTW]* \([^ ]*\) \(lib[^ ]*\)$/  {"\2", (void *) \&\2},/p'\'' -e '\''s/^[ABCDGIRSTW]* \([^ ]*\) \([^ ]*\)$/  {"lib\2", (void *) \&\2},/p'\'''
lt_cv_sys_global_symbol_to_cdecl='sed -n -e '\''s/^T .* \(.*\)$/extern int \1();/p'\'' -e '\''s/^[ABCDGIRSTW]* .* \(.*\)$/extern char \1;/p'\'''
lt_cv_sys_max_cmd_len=1572864
lt_cv_to_host_file_cmd=func_convert_file_noop
lt_cv_to_tool_file_cmd=func_convert_file_noop

## ----------------- ##
## Output variables. ##
## ----------------- ##

ACLOCAL='${SHELL} /home/github/beaconk3s/kannel/gateway-1.4.5/missing aclocal-1.14'
AMDEPBACKSLASH='\'
AMDEP_FALSE='#'
AMDEP_TRUE=''
AMTAR='$${TAR-tar}'
AM_BACKSLASH='\'
AM_DEFAULT_V='$(AM_DEFAULT_VERBOSITY)'
AM_DEFAULT_VERBOSITY='1'
AM_V='$(V)'
AR='ar'
AUTOCONF='${SHELL} /home/github/beaconk3s/kannel/gateway-1.4.5/missing autoconf'
AUTOHEADER='${SHELL} /home/github/beaconk3s/kannel/gateway-1.4.5/missing autoheader'
AUTOMAKE='${SHELL} /home/github/beaconk3s/kannel/gateway-1.4.5/missing automake-1.14'
AWK='gawk'
BUILD_STARTSTOPDAEMON_FALSE=''
BUILD_STARTSTOPDAEMON_TRUE='#'
CC='gcc'
CCDEPMODE='depmode=gcc3'
CFLAGS='-g -O2 -D_XOPEN_SOURCE=600 -D_BSD_SOURCE -D_DEFAULT_SOURCE -D_LARGE_FILES= -DBROKEN_PTHREADS=1 -I/usr/include/libxml2 -I/usr/local/openssl/include'
CONVERT='no'
CPP='gcc -E'
CPPFLAGS=''
CYGPATH_W='echo'
DEFS=''
DEPDIR='.deps'
DLLTOOL='false'
DOCDRAFTS='IGNORE'
DOCSTARGET='no-docs'
DSYMUTIL=''
DUMPBIN=''
DVIPS='no'
ECHO_C=''
ECHO_N='-n'
ECHO_T=''
EGREP='/usr/bin/grep -E'
EXEEXT=''
EXE_EXT=''
FGREP='/usr/bin/grep -F'
FIG2DEV='no'
GREP='/usr/bin/grep'
GSOAP_SHARE=''
GW_VERSION=''
HTML_DSL=''
INSTALL_DATA='${INSTALL} -m 644'
INSTALL_PROGRAM='${INSTALL}'
INSTALL_SCRIPT='${INSTALL}'
INSTALL_STRIP_PROGRAM='$(install_sh) -c -s'
JADE='no'
JADETEX='no'
LD='/usr/bin/ld -m elf_x86_64'
LDFLAGS=' -rdynamic'
LEX=':'
LEXLIB=''
LEX_OUTPUT_ROOT=''
LIBICONV=''
LIBOBJS=''
LIBS='-lssl -lrt -lresolv -lm  -lpthread -lxml2 -L/usr/lib/gcc/x86_64-linux-gnu/14/../../../x86_64-linux-gnu -lcrypto'
LIBTOOL='$(SHELL) $(top_builddir)/libtool'
LIPO=''
LN_S='ln -s'
LTLIBICONV=''
LTLIBOBJS=''
MAKEINFO='${SHELL} /home/github/beaconk3s/kannel/gateway-1.4.5/missing makeinfo'
MANIFEST_TOOL=':'
MKDIR_P='/usr/bin/mkdir -p'
MYSQL_CONFIG=''
NM='/usr/bin/nm -B'
NMEDIT=''
OBJDUMP='objdump'
OBJEXT='o'
OLD_LIBTOOL='ar rc'
OPENSSL='/usr/local/openssl/bin/openssl'
OTOOL64=''
OTOOL=''
PACKAGE='Kannel'
PACKAGE_BUGREPORT=''
PACKAGE_NAME=''
PACKAGE_STRING=''
PACKAGE_TARNAME=''
PACKAGE_URL=''
PACKAGE_VERSION=''
PATH_SEPARATOR=':'
PCRE_CONFIG=''
PDFJADETEX='no'
PERL='/usr/bin/perl'
PGSQL_CONFIG=''
PKGADD_NAME='Kannel - WAP and SMS gateway'
PKGADD_PKG='KANNELgateway'
PKGADD_VENDOR='www.kannel.org'
RANLIB='ranlib'
REDIS_CONFIG=''
SDB_CONFIG=''
SED='/usr/bin/sed'
SET_MAKE=''
SHELL='/bin/bash'
SIZEOF_INT='4'
SIZEOF_LONG='8'
SIZEOF_LONG_LONG='8'
SIZEOF_SHORT='2'
SOAPCPP=''
SOAP_INCLUDE=''
SQLITE3=''
SQLITE=''
STRIP='strip'
SUFFIX=''
TEX_DSL=''
VERSION='1.4.5'
WSDL2H=''
XML_CONFIG='/usr/bin/xml2-config'
XML_DCL=''
YACC='bison -y'
YFLAGS=''
ac_ct_AR='ar'
ac_ct_CC='gcc'
ac_ct_DUMPBIN=''
am__EXEEXT_FALSE=''
am__EXEEXT_TRUE=''
am__fastdepCC_FALSE='#'
am__fastdepCC_TRUE=''
am__include='include'
am__isrc=''
am__leading_dot='.'
am__nodep='_no'
am__quote=''
am__tar='$${TAR-tar} chof - "$$tardir"'
am__untar='$${TAR-tar} xf -'
bindir='${exec_prefix}/bin'
build='x86_64-unknown-linux-gnu'
build_alias=''
build_cpu='x86_64'
build_os='linux-gnu'
build_vendor='unknown'
datadir='${datarootdir}'
datarootdir='${prefix}/share'
docdir='${prefix}/share/doc/kannel'
dvidir='${docdir}'
exec_prefix='NONE'
host='x86_64-unknown-linux-gnu'
host_alias=''
host_cpu='x86_64'
host_os='linux-gnu'
host_vendor='unknown'
htmldir='${docdir}'
includedir='${prefix}/include'
infodir='${datarootdir}/info'
install_sh='${SHELL} /home/github/beaconk3s/kannel/gateway-1.4.5/install-sh'
libdir='${exec_prefix}/lib'
libexecdir='${exec_prefix}/libexec'
localedir='${datarootdir}/locale'
localstatedir='${prefix}/var'
mandir='${datarootdir}/man'
mkdir_p='$(MKDIR_P)'
oldincludedir='/usr/include'
pdfdir='${docdir}'
prefix='NONE'
program_transform_name='s,x,x,'
psdir='${docdir}'
sbindir='${exec_prefix}/sbin'
sharedstatedir='${prefix}/com'
sysconfdir='${prefix}/etc'
target_alias=''

## ----------- ##
## confdefs.h. ##
## ----------- ##

/* confdefs.h */
#define PACKAGE_NAME ""
#define PACKAGE_TARNAME ""
#define PACKAGE_VERSION ""
#define PACKAGE_STRING ""
#define PACKAGE_BUGREPORT ""
#define PACKAGE_URL ""
#define GW_NAME "Kannel"
#define GW_VERSION "1.4.5"
#define VERSION "1.4.5"
#define PACKAGE "Kannel"
#define VERSION "1.4.5"
#define STDC_HEADERS 1
#define HAVE_SYS_TYPES_H 1
#define HAVE_SYS_STAT_H 1
#define HAVE_STDLIB_H 1
#define HAVE_STRING_H 1
#define HAVE_MEMORY_H 1
#define HAVE_STRINGS_H 1
#define HAVE_INTTYPES_H 1
#define HAVE_STDINT_H 1
#define HAVE_UNISTD_H 1
#define HAVE_DLFCN_H 1
#define LT_OBJDIR ".libs/"
#define SIZEOF_SHORT 2
#define SIZEOF_INT 4
#define SIZEOF_LONG 8
#define SIZEOF_LONG_LONG 8
#define HAVE_LIBM 1
#define HAVE_LIBRESOLV 1
#define STDC_HEADERS 1
#define HAVE_SYS_IOCTL_H 1
#define HAVE_SYS_TIME_H 1
#define HAVE_SYS_TYPES_H 1
#define HAVE_UNISTD_H 1
#define HAVE_SYS_POLL_H 1
#define HAVE_PTHREAD_H 1
#define HAVE_GETOPT_H 1
#define HAVE_SYSLOG_H 1
#define HAVE_ZLIB_H 1
#define HAVE_EXECINFO_H 1
#define HAVE_STDLIB_H 1
#define HAVE_SYS_SOCKET_H 1
#define HAVE_NETINET_IN_H 1
#define HAVE_NET_IF_H 1
#define HAVE_SYS_UCONTEXT_H 1
#define HAVE_UCONTEXT 1
#define HAVE___FUNCTION__ 1
#define HAVE___FUNC__ 1
#define HAVE_ICONV 1
#define ICONV_CONST 
#define HAVE_GETTIMEOFDAY 1
#define HAVE_SELECT 1
#define HAVE_SOCKET 1
#define HAVE_STRDUP 1
#define HAVE_GETOPT_LONG 1
#define HAVE_LOCALTIME_R 1
#define HAVE_GMTIME_R 1
#define HAVE_BACKTRACE 1
#define HAVE_SRANDOM 1
#define HAVE_INITGROUPS 1
#define HAVE_STRTOLL 1
#define HAVE_STRTOQ 1
#define HAVE_FUNC_GETHOSTBYNAME_R_6 1
#define HAVE_SOCKLEN_T 1
#define HAVE_GETOPT_IN_UNISTD_H 1
#define HAVE_FTW_H 1
#define HAVE_NFTW 1
#define HAVE_REGEX_H 1
#define HAVE_REGEX 1
#define HAVE_PTHREAD_SPINLOCK_T 1
#define HAVE_PTHREAD_RWLOCK 1
#define HAVE_LIBRT 1
#define HAVE_SEMAPHORE 1
#define SUFFIX ""
#define USE_GWMEM_NATIVE 1
#define LOG_TIMESTAMP_LOCALTIME 1
#define ENABLE_COOKIES 1
#define USE_KEEPALIVE 1
#define HAVE_LIBSSL 1
#define HAVE_OPENSSL_X509_H 1
#define HAVE_OPENSSL_RSA_H 1
#define HAVE_OPENSSL_CRYPTO_H 1
#define HAVE_OPENSSL_PEM_H 1
#define HAVE_OPENSSL_SSL_H 1
#define HAVE_OPENSSL_ERR_H 1
#define HAVE_OPENSSL_HMAC_H 1

configure: exit 1
